#
# A fatal error has been detected by the Java Runtime Environment:
#
#  EXCEPTION_ACCESS_VIOLATION (0xc0000005) at pc=0xffffffffffffffff, pid=20576, tid=26220
#
# JRE version: OpenJDK Runtime Environment Temurin-21.0.2+13 (21.0.2+13) (build 21.0.2+13-LTS)
# Java VM: OpenJDK 64-Bit Server VM Temurin-21.0.2+13 (21.0.2+13-LTS, mixed mode, sharing, tiered, compressed oops, compressed class ptrs, g1 gc, windows-amd64)
# Problematic frame:
# C  [jdwp.dll+0x161bf]
#
# No core dump will be written. Minidumps are not enabled by default on client versions of Windows
#
# If you would like to submit a bug report, please visit:
#   https://github.com/adoptium/adoptium-support/issues
# The crash happened outside the Java Virtual Machine in native code.
# See problematic frame for where to report the bug.
#

---------------  S U M M A R Y ------------

Command Line: -agentlib:jdwp=transport=dt_socket,server=n,suspend=y,address=127.0.0.1:49798 -Dfile.encoding=windows-1252 -Duser.country=DE -Duser.language=de -Duser.variant Main -ea

Host: Intel(R) Core(TM) i5-1035G1 CPU @ 1.00GHz, 8 cores, 7G,  Windows 11 , 64 bit Build 22621 (10.0.22621.3958)
Time: Wed Aug 21 21:34:14 2024 Mitteleuropäische Sommerzeit elapsed time: 1.501688 seconds (0d 0h 0m 1s)

---------------  T H R E A D  ---------------

Current thread (0x0000016a9b534ef0):  JavaThread "main"             [_thread_in_native, id=26220, stack(0x000000294ca00000,0x000000294cb00000) (1024K)]

Stack: [0x000000294ca00000,0x000000294cb00000],  sp=0x000000294cafe5f0,  free space=1017k
Native frames: (J=compiled Java code, j=interpreted, Vv=VM code, C=native code)
C  0xffffffffffffffff

Java frames: (J=compiled Java code, j=interpreted, Vv=VM code)
j  org.lwjgl.opengl.GL11.glEnable(I)V+1
j  jade.Window.init()V+177
j  jade.Window.run()V+15
j  Main.main([Ljava/lang/String;)V+5
v  ~StubRoutines::call_stub 0x0000016aacaf10e7

siginfo: EXCEPTION_ACCESS_VIOLATION (0xc0000005), data execution prevention violation at address 0xffffffffffffffff


Registers:
RAX=0x0000016abada5ef0, RBX=0x0000016aba171650, RCX=0x0000016a9b5352a8, RDX=0x0000016aba171650
RSP=0x000000294cafe5e8, RBP=0x0000000000000002, RSI=0x000000294cafe690, RDI=0x0000016a9b5352a8
R8 =0x0000000000010002, R9 =0x0000000000000000, R10=0x00007ff87ea30000, R11=0x000000294cafe5b8
R12=0x0000000000000007, R13=0x0000016aba171650, R14=0x00007ff864d30300, R15=0x0000000000000000
RIP=0xffffffffffffffff, EFLAGS=0x0000000000010202


Register to memory mapping:

RAX=0x0000016abada5ef0 points into unknown readable memory: 0x0000000000000000 | 00 00 00 00 00 00 00 00
RBX=0x0000016aba171650 points into unknown readable memory: 0x000000008bb09c48 | 48 9c b0 8b 00 00 00 00
RCX=0x0000016a9b5352a8 points into unknown readable memory: 0x0000016abada5ef0 | f0 5e da ba 6a 01 00 00
RDX=0x0000016aba171650 points into unknown readable memory: 0x000000008bb09c48 | 48 9c b0 8b 00 00 00 00
RSP=0x000000294cafe5e8 is pointing into the stack for thread: 0x0000016a9b534ef0
RBP=0x0000000000000002 is an unknown value
RSI=0x000000294cafe690 is pointing into the stack for thread: 0x0000016a9b534ef0
RDI=0x0000016a9b5352a8 points into unknown readable memory: 0x0000016abada5ef0 | f0 5e da ba 6a 01 00 00
R8 =0x0000000000010002 is an unknown value
R9 =0x0 is null
R10=0x00007ff87ea30000 VCRUNTIME140.dll
R11=0x000000294cafe5b8 is pointing into the stack for thread: 0x0000016a9b534ef0
R12=0x0000000000000007 is an unknown value
R13=0x0000016aba171650 points into unknown readable memory: 0x000000008bb09c48 | 48 9c b0 8b 00 00 00 00
R14=0x00007ff864d30300 jdwp.dll
R15=0x0 is null

Top of Stack: (sp=0x000000294cafe5e8)
0x000000294cafe5e8:   00007ff864d161bf 0000016aba171650
0x000000294cafe5f8:   000000294cafe690 0000000000000000
0x000000294cafe608:   0000000000000000 0000000200000007
0x000000294cafe618:   000000294cafe7d0 0000016a9b50e870
0x000000294cafe628:   00007ff864d303a0 0000016a9b5354c8
0x000000294cafe638:   00007ff864d1283f 0000016aba171650
0x000000294cafe648:   0000000000000002 0000016a9b5352a8
0x000000294cafe658:   0000016aba171658 000000294cafe7d0
0x000000294cafe668:   000000294cafe850 0000016aba5a7828
0x000000294cafe678:   0000016abc02bc00 0000000000000000
0x000000294cafe688:   00007ff8388edbb0 0000000000000007
0x000000294cafe698:   0000016aba171650 0000000000000000
0x000000294cafe6a8:   0000016aba171658 0000000000000000
0x000000294cafe6b8:   0000000000000000 0000000000000000
0x000000294cafe6c8:   0000000000000000 0000000000000000
0x000000294cafe6d8:   0000000000000000 0000000000000000
0x000000294cafe6e8:   0000016a9b5354c8 0000016abc02bc00
0x000000294cafe6f8:   00007ff838745ed7 0000016aba171658
0x000000294cafe708:   0000016aba44afe0 0000016a9b534ef0
0x000000294cafe718:   00000000000003d8 000010b6bdd82953
0x000000294cafe728:   0000016a9b6eb730 0000000000000000
0x000000294cafe738:   0000016a9b534ef0 0000016afc55f779
0x000000294cafe748:   0000000000000000 000000294cafe810
0x000000294cafe758:   000000294cafe850 0000016a9b598530
0x000000294cafe768:   0000016a9b535560 0000016a9b535570
0x000000294cafe778:   0000016a9b535948 00000000000003d8
0x000000294cafe788:   0000016a9b534ef0 0000016a9b534ef0
0x000000294cafe798:   0000016a9b597bf0 0000016a9b535950
0x000000294cafe7a8:   0000016a9b535970 0000016a9b535a38
0x000000294cafe7b8:   00000000000000d8 000000294cafe7d0
0x000000294cafe7c8:   00007ff83844c29c 0000016a9b534ef0
0x000000294cafe7d8:   0000016a9b597bf0 0000016a9b535950 

Instructions: (pc=0x00007ff864d161bf)
0x00007ff864d160bf:   2c 41 b8 61 02 00 00 48 8d 0d 83 6e 01 00 48 8b
0x00007ff864d160cf:   d3 e8 37 50 00 00 41 8b cc e8 37 a0 ff ff 48 8b
0x00007ff864d160df:   d0 48 8d 0d f9 a3 01 00 e8 c8 50 00 00 4c 8b 4e
0x00007ff864d160ef:   28 48 8d 0d 01 a4 01 00 4c 8b 46 20 48 8b 56 08
0x00007ff864d160ff:   e8 d4 0c 01 00 48 8b 05 f5 0f 02 00 f6 80 10 02
0x00007ff864d1610f:   00 00 02 74 28 41 b8 6a 02 00 00 48 8d 0d cf 62
0x00007ff864d1611f:   01 00 48 8b d3 e8 e3 4f 00 00 48 8d 15 b8 63 01
0x00007ff864d1612f:   00 48 8d 0d d1 62 01 00 e8 78 50 00 00 48 8b 07
0x00007ff864d1613f:   48 8b cf ff 50 78 48 8b 0d b4 0f 02 00 4c 8b f8
0x00007ff864d1614f:   f6 81 10 02 00 00 02 74 28 41 b8 6b 02 00 00 48
0x00007ff864d1615f:   8d 0d 8b 62 01 00 48 8b d3 e8 9f 4f 00 00 48 8d
0x00007ff864d1616f:   15 ac 63 01 00 48 8d 0d 8d 62 01 00 e8 34 50 00
0x00007ff864d1617f:   00 48 8b 07 48 8b cf ff 90 88 00 00 00 83 3d 29
0x00007ff864d1618f:   0b 02 00 00 76 0c e8 d6 5b ff ff 83 25 1b 0b 02
0x00007ff864d1619f:   00 00 48 8b 5e 08 48 85 db 74 4b 48 8b 05 4f 0f
0x00007ff864d161af:   02 00 80 78 13 00 74 0b 48 8b cb e8 7d 06 01 00
0x00007ff864d161bf:   88 46 10 4d 8b c7 48 8b d6 41 8a ce e8 a0 a0 00
0x00007ff864d161cf:   00 48 8b e8 48 85 c0 75 25 48 8b cb e8 7c 44 00
0x00007ff864d161df:   00 84 c0 0f 84 ea 00 00 00 48 8b d3 41 8a ce e8
0x00007ff864d161ef:   8d 13 00 00 eb e3 e8 ee 0d 00 00 48 8b e8 4c 8b
0x00007ff864d161ff:   cd 44 88 74 24 20 45 8b c4 48 8b d6 48 8b cf e8
0x00007ff864d1620f:   e1 00 00 00 83 3e 14 75 0b 48 8b 05 e1 0e 02 00
0x00007ff864d1621f:   c6 40 10 01 48 85 db 75 08 48 8b cd e8 14 53 ff
0x00007ff864d1622f:   ff 48 8b 05 c9 0e 02 00 4d 85 ff 74 43 f6 80 10
0x00007ff864d1623f:   02 00 00 02 74 2c 41 b8 b3 02 00 00 48 8d 15 4e
0x00007ff864d1624f:   a1 01 00 48 8d 0d 97 61 01 00 e8 ae 4e 00 00 48
0x00007ff864d1625f:   8d 15 9b 7c 01 00 48 8d 0d 9c 61 01 00 e8 43 4f
0x00007ff864d1626f:   00 00 48 8b 07 49 8b d7 48 8b cf ff 50 68 eb 41
0x00007ff864d1627f:   f6 80 10 02 00 00 02 74 2c 41 b8 b5 02 00 00 48
0x00007ff864d1628f:   8d 15 0b a1 01 00 48 8d 0d 54 61 01 00 e8 6b 4e
0x00007ff864d1629f:   00 00 48 8d 15 78 62 01 00 48 8d 0d 59 61 01 00
0x00007ff864d162af:   e8 00 4f 00 00 48 8b 07 48 8b cf ff 90 88 00 00 


Stack slot to memory mapping:

stack at sp + 0 slots: 0x0000016aba171650 points into unknown readable memory: 0x000000008bb09c48 | 48 9c b0 8b 00 00 00 00
stack at sp + 1 slots: 0x000000294cafe690 is pointing into the stack for thread: 0x0000016a9b534ef0
stack at sp + 2 slots: 0x0 is null
stack at sp + 3 slots: 0x0 is null
stack at sp + 4 slots: 0x0000000200000007 is an unknown value
stack at sp + 5 slots: 0x000000294cafe7d0 is pointing into the stack for thread: 0x0000016a9b534ef0
stack at sp + 6 slots: 0x0000016a9b50e870 points into unknown readable memory: 0x8000001200000001 | 01 00 00 00 12 00 00 80
stack at sp + 7 slots: 0x00007ff864d303a0 jdwp.dll


---------------  P R O C E S S  ---------------

Threads class SMR info:
_java_thread_list=0x0000016abad1d4d0, length=14, elements={
0x0000016a9b534ef0, 0x0000016aba18f2a0, 0x0000016aba1900b0, 0x0000016aba1933c0,
0x0000016aba1942c0, 0x0000016aba1975c0, 0x0000016aba19a630, 0x0000016aba1a84f0,
0x0000016aba1acfa0, 0x0000016aba48e6b0, 0x0000016aba48f630, 0x0000016aba499ee0,
0x0000016aba19b9e0, 0x0000016aba19acc0
}

Java Threads: ( => current thread )
=>0x0000016a9b534ef0 JavaThread "main"                              [_thread_in_native, id=26220, stack(0x000000294ca00000,0x000000294cb00000) (1024K)]
  0x0000016aba18f2a0 JavaThread "Reference Handler"          daemon [_thread_blocked, id=14912, stack(0x000000294d200000,0x000000294d300000) (1024K)]
  0x0000016aba1900b0 JavaThread "Finalizer"                  daemon [_thread_blocked, id=2012, stack(0x000000294d300000,0x000000294d400000) (1024K)]
  0x0000016aba1933c0 JavaThread "Signal Dispatcher"          daemon [_thread_blocked, id=5976, stack(0x000000294d400000,0x000000294d500000) (1024K)]
  0x0000016aba1942c0 JavaThread "Attach Listener"            daemon [_thread_blocked, id=23276, stack(0x000000294d500000,0x000000294d600000) (1024K)]
  0x0000016aba1975c0 JavaThread "Service Thread"             daemon [_thread_blocked, id=23372, stack(0x000000294d600000,0x000000294d700000) (1024K)]
  0x0000016aba19a630 JavaThread "Monitor Deflation Thread"   daemon [_thread_blocked, id=25004, stack(0x000000294d700000,0x000000294d800000) (1024K)]
  0x0000016aba1a84f0 JavaThread "C2 CompilerThread0"         daemon [_thread_blocked, id=18452, stack(0x000000294d800000,0x000000294d900000) (1024K)]
  0x0000016aba1acfa0 JavaThread "C1 CompilerThread0"         daemon [_thread_blocked, id=10556, stack(0x000000294d900000,0x000000294da00000) (1024K)]
  0x0000016aba48e6b0 JavaThread "JDWP Transport Listener: dt_socket" daemon [_thread_blocked, id=11548, stack(0x000000294da00000,0x000000294db00000) (1024K)]
  0x0000016aba48f630 JavaThread "JDWP Event Helper Thread"   daemon [_thread_blocked, id=17164, stack(0x000000294db00000,0x000000294dc00000) (1024K)]
  0x0000016aba499ee0 JavaThread "JDWP Command Reader"        daemon [_thread_in_native, id=13176, stack(0x000000294dc00000,0x000000294dd00000) (1024K)]
  0x0000016aba19b9e0 JavaThread "Notification Thread"        daemon [_thread_blocked, id=26184, stack(0x000000294dd00000,0x000000294de00000) (1024K)]
  0x0000016aba19acc0 JavaThread "Common-Cleaner"             daemon [_thread_blocked, id=18148, stack(0x000000294de00000,0x000000294df00000) (1024K)]
Total: 14

Other Threads:
  0x0000016aba16e780 VMThread "VM Thread"                           [id=9772, stack(0x000000294d100000,0x000000294d200000) (1024K)]
  0x0000016aba156d70 WatcherThread "VM Periodic Task Thread"        [id=3308, stack(0x000000294d000000,0x000000294d100000) (1024K)]
  0x0000016a9b7427f0 WorkerThread "GC Thread#0"                     [id=15464, stack(0x000000294cb00000,0x000000294cc00000) (1024K)]
  0x0000016a9b753200 ConcurrentGCThread "G1 Main Marker"            [id=23940, stack(0x000000294cc00000,0x000000294cd00000) (1024K)]
  0x0000016a9b753d00 WorkerThread "G1 Conc#0"                       [id=1584, stack(0x000000294cd00000,0x000000294ce00000) (1024K)]
  0x0000016aba029510 ConcurrentGCThread "G1 Refine#0"               [id=16772, stack(0x000000294ce00000,0x000000294cf00000) (1024K)]
  0x0000016aba029f20 ConcurrentGCThread "G1 Service"                [id=26420, stack(0x000000294cf00000,0x000000294d000000) (1024K)]
Total: 7

Threads with active compile tasks:
Total: 0

VM state: not at safepoint (normal execution)

VM Mutex/Monitor currently owned by a thread: None

Heap address: 0x0000000084000000, size: 1984 MB, Compressed Oops mode: 32-bit

CDS archive(s) mapped at: [0x0000016abb000000-0x0000016abbc90000-0x0000016abbc90000), size 13172736, SharedBaseAddress: 0x0000016abb000000, ArchiveRelocationMode: 1.
Compressed class space mapped at: 0x0000016abc000000-0x0000016afc000000, reserved size: 1073741824
Narrow klass base: 0x0000016abb000000, Narrow klass shift: 0, Narrow klass range: 0x100000000

GC Precious Log:
 CardTable entry size: 512
 Card Set container configuration: InlinePtr #cards 5 size 8 Array Of Cards #cards 12 size 40 Howl #buckets 4 coarsen threshold 1843 Howl Bitmap #cards 512 size 80 coarsen threshold 460 Card regions per heap region 1 cards per card region 2048
 CPUs: 8 total, 8 available
 Memory: 7932M
 Large Page Support: Disabled
 NUMA Support: Disabled
 Compressed Oops: Enabled (32-bit)
 Heap Region Size: 1M
 Heap Min Capacity: 8M
 Heap Initial Capacity: 124M
 Heap Max Capacity: 1984M
 Pre-touch: Disabled
 Parallel Workers: 8
 Concurrent Workers: 2
 Concurrent Refinement Workers: 8
 Periodic GC: Disabled

Heap:
 garbage-first heap   total 126976K, used 13312K [0x0000000084000000, 0x0000000100000000)
  region size 1024K, 15 young (15360K), 0 survivors (0K)
 Metaspace       used 5213K, committed 5376K, reserved 1114112K
  class space    used 246K, committed 320K, reserved 1048576K

Heap Regions: E=young(eden), S=young(survivor), O=old, HS=humongous(starts), HC=humongous(continues), CS=collection set, F=free, TAMS=top-at-mark-start, PB=parsable bottom
|   0|0x0000000084000000, 0x0000000084000000, 0x0000000084100000|  0%| F|  |TAMS 0x0000000084000000| PB 0x0000000084000000| Untracked 
|   1|0x0000000084100000, 0x0000000084100000, 0x0000000084200000|  0%| F|  |TAMS 0x0000000084100000| PB 0x0000000084100000| Untracked 
|   2|0x0000000084200000, 0x0000000084200000, 0x0000000084300000|  0%| F|  |TAMS 0x0000000084200000| PB 0x0000000084200000| Untracked 
|   3|0x0000000084300000, 0x0000000084300000, 0x0000000084400000|  0%| F|  |TAMS 0x0000000084300000| PB 0x0000000084300000| Untracked 
|   4|0x0000000084400000, 0x0000000084400000, 0x0000000084500000|  0%| F|  |TAMS 0x0000000084400000| PB 0x0000000084400000| Untracked 
|   5|0x0000000084500000, 0x0000000084500000, 0x0000000084600000|  0%| F|  |TAMS 0x0000000084500000| PB 0x0000000084500000| Untracked 
|   6|0x0000000084600000, 0x0000000084600000, 0x0000000084700000|  0%| F|  |TAMS 0x0000000084600000| PB 0x0000000084600000| Untracked 
|   7|0x0000000084700000, 0x0000000084700000, 0x0000000084800000|  0%| F|  |TAMS 0x0000000084700000| PB 0x0000000084700000| Untracked 
|   8|0x0000000084800000, 0x0000000084800000, 0x0000000084900000|  0%| F|  |TAMS 0x0000000084800000| PB 0x0000000084800000| Untracked 
|   9|0x0000000084900000, 0x0000000084900000, 0x0000000084a00000|  0%| F|  |TAMS 0x0000000084900000| PB 0x0000000084900000| Untracked 
|  10|0x0000000084a00000, 0x0000000084a00000, 0x0000000084b00000|  0%| F|  |TAMS 0x0000000084a00000| PB 0x0000000084a00000| Untracked 
|  11|0x0000000084b00000, 0x0000000084b00000, 0x0000000084c00000|  0%| F|  |TAMS 0x0000000084b00000| PB 0x0000000084b00000| Untracked 
|  12|0x0000000084c00000, 0x0000000084c00000, 0x0000000084d00000|  0%| F|  |TAMS 0x0000000084c00000| PB 0x0000000084c00000| Untracked 
|  13|0x0000000084d00000, 0x0000000084d00000, 0x0000000084e00000|  0%| F|  |TAMS 0x0000000084d00000| PB 0x0000000084d00000| Untracked 
|  14|0x0000000084e00000, 0x0000000084e00000, 0x0000000084f00000|  0%| F|  |TAMS 0x0000000084e00000| PB 0x0000000084e00000| Untracked 
|  15|0x0000000084f00000, 0x0000000084f00000, 0x0000000085000000|  0%| F|  |TAMS 0x0000000084f00000| PB 0x0000000084f00000| Untracked 
|  16|0x0000000085000000, 0x0000000085000000, 0x0000000085100000|  0%| F|  |TAMS 0x0000000085000000| PB 0x0000000085000000| Untracked 
|  17|0x0000000085100000, 0x0000000085100000, 0x0000000085200000|  0%| F|  |TAMS 0x0000000085100000| PB 0x0000000085100000| Untracked 
|  18|0x0000000085200000, 0x0000000085200000, 0x0000000085300000|  0%| F|  |TAMS 0x0000000085200000| PB 0x0000000085200000| Untracked 
|  19|0x0000000085300000, 0x0000000085300000, 0x0000000085400000|  0%| F|  |TAMS 0x0000000085300000| PB 0x0000000085300000| Untracked 
|  20|0x0000000085400000, 0x0000000085400000, 0x0000000085500000|  0%| F|  |TAMS 0x0000000085400000| PB 0x0000000085400000| Untracked 
|  21|0x0000000085500000, 0x0000000085500000, 0x0000000085600000|  0%| F|  |TAMS 0x0000000085500000| PB 0x0000000085500000| Untracked 
|  22|0x0000000085600000, 0x0000000085600000, 0x0000000085700000|  0%| F|  |TAMS 0x0000000085600000| PB 0x0000000085600000| Untracked 
|  23|0x0000000085700000, 0x0000000085700000, 0x0000000085800000|  0%| F|  |TAMS 0x0000000085700000| PB 0x0000000085700000| Untracked 
|  24|0x0000000085800000, 0x0000000085800000, 0x0000000085900000|  0%| F|  |TAMS 0x0000000085800000| PB 0x0000000085800000| Untracked 
|  25|0x0000000085900000, 0x0000000085900000, 0x0000000085a00000|  0%| F|  |TAMS 0x0000000085900000| PB 0x0000000085900000| Untracked 
|  26|0x0000000085a00000, 0x0000000085a00000, 0x0000000085b00000|  0%| F|  |TAMS 0x0000000085a00000| PB 0x0000000085a00000| Untracked 
|  27|0x0000000085b00000, 0x0000000085b00000, 0x0000000085c00000|  0%| F|  |TAMS 0x0000000085b00000| PB 0x0000000085b00000| Untracked 
|  28|0x0000000085c00000, 0x0000000085c00000, 0x0000000085d00000|  0%| F|  |TAMS 0x0000000085c00000| PB 0x0000000085c00000| Untracked 
|  29|0x0000000085d00000, 0x0000000085d00000, 0x0000000085e00000|  0%| F|  |TAMS 0x0000000085d00000| PB 0x0000000085d00000| Untracked 
|  30|0x0000000085e00000, 0x0000000085e00000, 0x0000000085f00000|  0%| F|  |TAMS 0x0000000085e00000| PB 0x0000000085e00000| Untracked 
|  31|0x0000000085f00000, 0x0000000085f00000, 0x0000000086000000|  0%| F|  |TAMS 0x0000000085f00000| PB 0x0000000085f00000| Untracked 
|  32|0x0000000086000000, 0x0000000086000000, 0x0000000086100000|  0%| F|  |TAMS 0x0000000086000000| PB 0x0000000086000000| Untracked 
|  33|0x0000000086100000, 0x0000000086100000, 0x0000000086200000|  0%| F|  |TAMS 0x0000000086100000| PB 0x0000000086100000| Untracked 
|  34|0x0000000086200000, 0x0000000086200000, 0x0000000086300000|  0%| F|  |TAMS 0x0000000086200000| PB 0x0000000086200000| Untracked 
|  35|0x0000000086300000, 0x0000000086300000, 0x0000000086400000|  0%| F|  |TAMS 0x0000000086300000| PB 0x0000000086300000| Untracked 
|  36|0x0000000086400000, 0x0000000086400000, 0x0000000086500000|  0%| F|  |TAMS 0x0000000086400000| PB 0x0000000086400000| Untracked 
|  37|0x0000000086500000, 0x0000000086500000, 0x0000000086600000|  0%| F|  |TAMS 0x0000000086500000| PB 0x0000000086500000| Untracked 
|  38|0x0000000086600000, 0x0000000086600000, 0x0000000086700000|  0%| F|  |TAMS 0x0000000086600000| PB 0x0000000086600000| Untracked 
|  39|0x0000000086700000, 0x0000000086700000, 0x0000000086800000|  0%| F|  |TAMS 0x0000000086700000| PB 0x0000000086700000| Untracked 
|  40|0x0000000086800000, 0x0000000086800000, 0x0000000086900000|  0%| F|  |TAMS 0x0000000086800000| PB 0x0000000086800000| Untracked 
|  41|0x0000000086900000, 0x0000000086900000, 0x0000000086a00000|  0%| F|  |TAMS 0x0000000086900000| PB 0x0000000086900000| Untracked 
|  42|0x0000000086a00000, 0x0000000086a00000, 0x0000000086b00000|  0%| F|  |TAMS 0x0000000086a00000| PB 0x0000000086a00000| Untracked 
|  43|0x0000000086b00000, 0x0000000086b00000, 0x0000000086c00000|  0%| F|  |TAMS 0x0000000086b00000| PB 0x0000000086b00000| Untracked 
|  44|0x0000000086c00000, 0x0000000086c00000, 0x0000000086d00000|  0%| F|  |TAMS 0x0000000086c00000| PB 0x0000000086c00000| Untracked 
|  45|0x0000000086d00000, 0x0000000086d00000, 0x0000000086e00000|  0%| F|  |TAMS 0x0000000086d00000| PB 0x0000000086d00000| Untracked 
|  46|0x0000000086e00000, 0x0000000086e00000, 0x0000000086f00000|  0%| F|  |TAMS 0x0000000086e00000| PB 0x0000000086e00000| Untracked 
|  47|0x0000000086f00000, 0x0000000086f00000, 0x0000000087000000|  0%| F|  |TAMS 0x0000000086f00000| PB 0x0000000086f00000| Untracked 
|  48|0x0000000087000000, 0x0000000087000000, 0x0000000087100000|  0%| F|  |TAMS 0x0000000087000000| PB 0x0000000087000000| Untracked 
|  49|0x0000000087100000, 0x0000000087100000, 0x0000000087200000|  0%| F|  |TAMS 0x0000000087100000| PB 0x0000000087100000| Untracked 
|  50|0x0000000087200000, 0x0000000087200000, 0x0000000087300000|  0%| F|  |TAMS 0x0000000087200000| PB 0x0000000087200000| Untracked 
|  51|0x0000000087300000, 0x0000000087300000, 0x0000000087400000|  0%| F|  |TAMS 0x0000000087300000| PB 0x0000000087300000| Untracked 
|  52|0x0000000087400000, 0x0000000087400000, 0x0000000087500000|  0%| F|  |TAMS 0x0000000087400000| PB 0x0000000087400000| Untracked 
|  53|0x0000000087500000, 0x0000000087500000, 0x0000000087600000|  0%| F|  |TAMS 0x0000000087500000| PB 0x0000000087500000| Untracked 
|  54|0x0000000087600000, 0x0000000087600000, 0x0000000087700000|  0%| F|  |TAMS 0x0000000087600000| PB 0x0000000087600000| Untracked 
|  55|0x0000000087700000, 0x0000000087700000, 0x0000000087800000|  0%| F|  |TAMS 0x0000000087700000| PB 0x0000000087700000| Untracked 
|  56|0x0000000087800000, 0x0000000087800000, 0x0000000087900000|  0%| F|  |TAMS 0x0000000087800000| PB 0x0000000087800000| Untracked 
|  57|0x0000000087900000, 0x0000000087900000, 0x0000000087a00000|  0%| F|  |TAMS 0x0000000087900000| PB 0x0000000087900000| Untracked 
|  58|0x0000000087a00000, 0x0000000087a00000, 0x0000000087b00000|  0%| F|  |TAMS 0x0000000087a00000| PB 0x0000000087a00000| Untracked 
|  59|0x0000000087b00000, 0x0000000087b00000, 0x0000000087c00000|  0%| F|  |TAMS 0x0000000087b00000| PB 0x0000000087b00000| Untracked 
|  60|0x0000000087c00000, 0x0000000087c00000, 0x0000000087d00000|  0%| F|  |TAMS 0x0000000087c00000| PB 0x0000000087c00000| Untracked 
|  61|0x0000000087d00000, 0x0000000087d00000, 0x0000000087e00000|  0%| F|  |TAMS 0x0000000087d00000| PB 0x0000000087d00000| Untracked 
|  62|0x0000000087e00000, 0x0000000087e00000, 0x0000000087f00000|  0%| F|  |TAMS 0x0000000087e00000| PB 0x0000000087e00000| Untracked 
|  63|0x0000000087f00000, 0x0000000087f00000, 0x0000000088000000|  0%| F|  |TAMS 0x0000000087f00000| PB 0x0000000087f00000| Untracked 
|  64|0x0000000088000000, 0x0000000088000000, 0x0000000088100000|  0%| F|  |TAMS 0x0000000088000000| PB 0x0000000088000000| Untracked 
|  65|0x0000000088100000, 0x0000000088100000, 0x0000000088200000|  0%| F|  |TAMS 0x0000000088100000| PB 0x0000000088100000| Untracked 
|  66|0x0000000088200000, 0x0000000088200000, 0x0000000088300000|  0%| F|  |TAMS 0x0000000088200000| PB 0x0000000088200000| Untracked 
|  67|0x0000000088300000, 0x0000000088300000, 0x0000000088400000|  0%| F|  |TAMS 0x0000000088300000| PB 0x0000000088300000| Untracked 
|  68|0x0000000088400000, 0x0000000088400000, 0x0000000088500000|  0%| F|  |TAMS 0x0000000088400000| PB 0x0000000088400000| Untracked 
|  69|0x0000000088500000, 0x0000000088500000, 0x0000000088600000|  0%| F|  |TAMS 0x0000000088500000| PB 0x0000000088500000| Untracked 
|  70|0x0000000088600000, 0x0000000088600000, 0x0000000088700000|  0%| F|  |TAMS 0x0000000088600000| PB 0x0000000088600000| Untracked 
|  71|0x0000000088700000, 0x0000000088700000, 0x0000000088800000|  0%| F|  |TAMS 0x0000000088700000| PB 0x0000000088700000| Untracked 
|  72|0x0000000088800000, 0x0000000088800000, 0x0000000088900000|  0%| F|  |TAMS 0x0000000088800000| PB 0x0000000088800000| Untracked 
|  73|0x0000000088900000, 0x0000000088900000, 0x0000000088a00000|  0%| F|  |TAMS 0x0000000088900000| PB 0x0000000088900000| Untracked 
|  74|0x0000000088a00000, 0x0000000088a00000, 0x0000000088b00000|  0%| F|  |TAMS 0x0000000088a00000| PB 0x0000000088a00000| Untracked 
|  75|0x0000000088b00000, 0x0000000088b00000, 0x0000000088c00000|  0%| F|  |TAMS 0x0000000088b00000| PB 0x0000000088b00000| Untracked 
|  76|0x0000000088c00000, 0x0000000088c00000, 0x0000000088d00000|  0%| F|  |TAMS 0x0000000088c00000| PB 0x0000000088c00000| Untracked 
|  77|0x0000000088d00000, 0x0000000088d00000, 0x0000000088e00000|  0%| F|  |TAMS 0x0000000088d00000| PB 0x0000000088d00000| Untracked 
|  78|0x0000000088e00000, 0x0000000088e00000, 0x0000000088f00000|  0%| F|  |TAMS 0x0000000088e00000| PB 0x0000000088e00000| Untracked 
|  79|0x0000000088f00000, 0x0000000088f00000, 0x0000000089000000|  0%| F|  |TAMS 0x0000000088f00000| PB 0x0000000088f00000| Untracked 
|  80|0x0000000089000000, 0x0000000089000000, 0x0000000089100000|  0%| F|  |TAMS 0x0000000089000000| PB 0x0000000089000000| Untracked 
|  81|0x0000000089100000, 0x0000000089100000, 0x0000000089200000|  0%| F|  |TAMS 0x0000000089100000| PB 0x0000000089100000| Untracked 
|  82|0x0000000089200000, 0x0000000089200000, 0x0000000089300000|  0%| F|  |TAMS 0x0000000089200000| PB 0x0000000089200000| Untracked 
|  83|0x0000000089300000, 0x0000000089300000, 0x0000000089400000|  0%| F|  |TAMS 0x0000000089300000| PB 0x0000000089300000| Untracked 
|  84|0x0000000089400000, 0x0000000089400000, 0x0000000089500000|  0%| F|  |TAMS 0x0000000089400000| PB 0x0000000089400000| Untracked 
|  85|0x0000000089500000, 0x0000000089500000, 0x0000000089600000|  0%| F|  |TAMS 0x0000000089500000| PB 0x0000000089500000| Untracked 
|  86|0x0000000089600000, 0x0000000089600000, 0x0000000089700000|  0%| F|  |TAMS 0x0000000089600000| PB 0x0000000089600000| Untracked 
|  87|0x0000000089700000, 0x0000000089700000, 0x0000000089800000|  0%| F|  |TAMS 0x0000000089700000| PB 0x0000000089700000| Untracked 
|  88|0x0000000089800000, 0x0000000089800000, 0x0000000089900000|  0%| F|  |TAMS 0x0000000089800000| PB 0x0000000089800000| Untracked 
|  89|0x0000000089900000, 0x0000000089900000, 0x0000000089a00000|  0%| F|  |TAMS 0x0000000089900000| PB 0x0000000089900000| Untracked 
|  90|0x0000000089a00000, 0x0000000089a00000, 0x0000000089b00000|  0%| F|  |TAMS 0x0000000089a00000| PB 0x0000000089a00000| Untracked 
|  91|0x0000000089b00000, 0x0000000089b00000, 0x0000000089c00000|  0%| F|  |TAMS 0x0000000089b00000| PB 0x0000000089b00000| Untracked 
|  92|0x0000000089c00000, 0x0000000089c00000, 0x0000000089d00000|  0%| F|  |TAMS 0x0000000089c00000| PB 0x0000000089c00000| Untracked 
|  93|0x0000000089d00000, 0x0000000089d00000, 0x0000000089e00000|  0%| F|  |TAMS 0x0000000089d00000| PB 0x0000000089d00000| Untracked 
|  94|0x0000000089e00000, 0x0000000089e00000, 0x0000000089f00000|  0%| F|  |TAMS 0x0000000089e00000| PB 0x0000000089e00000| Untracked 
|  95|0x0000000089f00000, 0x0000000089f00000, 0x000000008a000000|  0%| F|  |TAMS 0x0000000089f00000| PB 0x0000000089f00000| Untracked 
|  96|0x000000008a000000, 0x000000008a000000, 0x000000008a100000|  0%| F|  |TAMS 0x000000008a000000| PB 0x000000008a000000| Untracked 
|  97|0x000000008a100000, 0x000000008a100000, 0x000000008a200000|  0%| F|  |TAMS 0x000000008a100000| PB 0x000000008a100000| Untracked 
|  98|0x000000008a200000, 0x000000008a200000, 0x000000008a300000|  0%| F|  |TAMS 0x000000008a200000| PB 0x000000008a200000| Untracked 
|  99|0x000000008a300000, 0x000000008a300000, 0x000000008a400000|  0%| F|  |TAMS 0x000000008a300000| PB 0x000000008a300000| Untracked 
| 100|0x000000008a400000, 0x000000008a400000, 0x000000008a500000|  0%| F|  |TAMS 0x000000008a400000| PB 0x000000008a400000| Untracked 
| 101|0x000000008a500000, 0x000000008a500000, 0x000000008a600000|  0%| F|  |TAMS 0x000000008a500000| PB 0x000000008a500000| Untracked 
| 102|0x000000008a600000, 0x000000008a600000, 0x000000008a700000|  0%| F|  |TAMS 0x000000008a600000| PB 0x000000008a600000| Untracked 
| 103|0x000000008a700000, 0x000000008a700000, 0x000000008a800000|  0%| F|  |TAMS 0x000000008a700000| PB 0x000000008a700000| Untracked 
| 104|0x000000008a800000, 0x000000008a800000, 0x000000008a900000|  0%| F|  |TAMS 0x000000008a800000| PB 0x000000008a800000| Untracked 
| 105|0x000000008a900000, 0x000000008a900000, 0x000000008aa00000|  0%| F|  |TAMS 0x000000008a900000| PB 0x000000008a900000| Untracked 
| 106|0x000000008aa00000, 0x000000008aa00000, 0x000000008ab00000|  0%| F|  |TAMS 0x000000008aa00000| PB 0x000000008aa00000| Untracked 
| 107|0x000000008ab00000, 0x000000008ab00000, 0x000000008ac00000|  0%| F|  |TAMS 0x000000008ab00000| PB 0x000000008ab00000| Untracked 
| 108|0x000000008ac00000, 0x000000008ac00000, 0x000000008ad00000|  0%| F|  |TAMS 0x000000008ac00000| PB 0x000000008ac00000| Untracked 
| 109|0x000000008ad00000, 0x000000008ad76450, 0x000000008ae00000| 46%| E|  |TAMS 0x000000008ad00000| PB 0x000000008ad00000| Complete 
| 110|0x000000008ae00000, 0x000000008af00000, 0x000000008af00000|100%| E|CS|TAMS 0x000000008ae00000| PB 0x000000008ae00000| Complete 
| 111|0x000000008af00000, 0x000000008b000000, 0x000000008b000000|100%| E|CS|TAMS 0x000000008af00000| PB 0x000000008af00000| Complete 
| 112|0x000000008b000000, 0x000000008b100000, 0x000000008b100000|100%| E|CS|TAMS 0x000000008b000000| PB 0x000000008b000000| Complete 
| 113|0x000000008b100000, 0x000000008b200000, 0x000000008b200000|100%| E|CS|TAMS 0x000000008b100000| PB 0x000000008b100000| Complete 
| 114|0x000000008b200000, 0x000000008b300000, 0x000000008b300000|100%| E|CS|TAMS 0x000000008b200000| PB 0x000000008b200000| Complete 
| 115|0x000000008b300000, 0x000000008b400000, 0x000000008b400000|100%| E|CS|TAMS 0x000000008b300000| PB 0x000000008b300000| Complete 
| 116|0x000000008b400000, 0x000000008b500000, 0x000000008b500000|100%| E|CS|TAMS 0x000000008b400000| PB 0x000000008b400000| Complete 
| 117|0x000000008b500000, 0x000000008b600000, 0x000000008b600000|100%| E|CS|TAMS 0x000000008b500000| PB 0x000000008b500000| Complete 
| 118|0x000000008b600000, 0x000000008b700000, 0x000000008b700000|100%| E|CS|TAMS 0x000000008b600000| PB 0x000000008b600000| Complete 
| 119|0x000000008b700000, 0x000000008b800000, 0x000000008b800000|100%| E|  |TAMS 0x000000008b700000| PB 0x000000008b700000| Complete 
| 120|0x000000008b800000, 0x000000008b900000, 0x000000008b900000|100%| E|CS|TAMS 0x000000008b800000| PB 0x000000008b800000| Complete 
| 121|0x000000008b900000, 0x000000008ba00000, 0x000000008ba00000|100%| E|CS|TAMS 0x000000008b900000| PB 0x000000008b900000| Complete 
| 122|0x000000008ba00000, 0x000000008bb00000, 0x000000008bb00000|100%| E|CS|TAMS 0x000000008ba00000| PB 0x000000008ba00000| Complete 
| 123|0x000000008bb00000, 0x000000008bc00000, 0x000000008bc00000|100%| E|CS|TAMS 0x000000008bb00000| PB 0x000000008bb00000| Complete 

Card table byte_map: [0x0000016ab5400000,0x0000016ab57e0000] _byte_map_base: 0x0000016ab4fe0000

Marking Bits: (CMBitMap*) 0x0000016a9b742ef0
 Bits: [0x0000016ab57e0000, 0x0000016ab76e0000)

Polling page: 0x0000016a9b7b0000

Metaspace:

Usage:
  Non-class:      4.85 MB used.
      Class:    246.33 KB used.
       Both:      5.09 MB used.

Virtual space:
  Non-class space:       64.00 MB reserved,       4.94 MB (  8%) committed,  1 nodes.
      Class space:        1.00 GB reserved,     320.00 KB ( <1%) committed,  1 nodes.
             Both:        1.06 GB reserved,       5.25 MB ( <1%) committed. 

Chunk freelists:
   Non-Class:  8.52 MB
       Class:  15.58 MB
        Both:  24.09 MB

MaxMetaspaceSize: unlimited
CompressedClassSpaceSize: 1.00 GB
Initial GC threshold: 21.00 MB
Current GC threshold: 21.00 MB
CDS: on
 - commit_granule_bytes: 65536.
 - commit_granule_words: 8192.
 - virtual_space_node_default_size: 8388608.
 - enlarge_chunks_in_place: 1.
 - use_allocation_guard: 0.


Internal statistics:

num_allocs_failed_limit: 0.
num_arena_births: 86.
num_arena_deaths: 0.
num_vsnodes_births: 2.
num_vsnodes_deaths: 0.
num_space_committed: 82.
num_space_uncommitted: 0.
num_chunks_returned_to_freelist: 0.
num_chunks_taken_from_freelist: 233.
num_chunk_merges: 0.
num_chunk_splits: 168.
num_chunks_enlarged: 127.
num_inconsistent_stats: 0.

CodeHeap 'non-profiled nmethods': size=120000Kb used=280Kb max_used=280Kb free=119719Kb
 bounds [0x0000016aad090000, 0x0000016aad300000, 0x0000016ab45c0000]
CodeHeap 'profiled nmethods': size=120000Kb used=1451Kb max_used=1451Kb free=118548Kb
 bounds [0x0000016aa55c0000, 0x0000016aa5830000, 0x0000016aacaf0000]
CodeHeap 'non-nmethods': size=5760Kb used=2339Kb max_used=2361Kb free=3421Kb
 bounds [0x0000016aacaf0000, 0x0000016aacd60000, 0x0000016aad090000]
 total_blobs=1874 nmethods=896 adapters=883
 compilation: enabled
              stopped_count=0, restarted_count=0
 full_count=0

Compilation events (20 events):
Event: 1.447 Thread 0x0000016aba1a84f0 nmethod 868 0x0000016aad0cca90 code [0x0000016aad0ccce0, 0x0000016aad0cdfb0]
Event: 1.447 Thread 0x0000016aba1a84f0  885       4       java.lang.invoke.MethodHandle::<init> (37 bytes)
Event: 1.451 Thread 0x0000016aba1a84f0 nmethod 885 0x0000016aad0ce810 code [0x0000016aad0ce9c0, 0x0000016aad0ced90]
Event: 1.451 Thread 0x0000016aba1a84f0  886       4       java.lang.invoke.LambdaForm::prepare (108 bytes)
Event: 1.452 Thread 0x0000016aba1a84f0 nmethod 886 0x0000016aad0cef90 code [0x0000016aad0cf120, 0x0000016aad0cf230]
Event: 1.452 Thread 0x0000016aba1a84f0  878       4       java.util.HashMap::put (13 bytes)
Event: 1.453 Thread 0x0000016aba1a84f0 nmethod 878 0x0000016aad0cf310 code [0x0000016aad0cf4a0, 0x0000016aad0cf5f8]
Event: 1.453 Thread 0x0000016aba1a84f0  887       4       java.lang.ref.SoftReference::get (29 bytes)
Event: 1.453 Thread 0x0000016aba1a84f0 nmethod 887 0x0000016aad0cf710 code [0x0000016aad0cf8a0, 0x0000016aad0cf9d8]
Event: 1.454 Thread 0x0000016aba1a84f0  888       4       java.lang.invoke.MethodType::equals (56 bytes)
Event: 1.457 Thread 0x0000016aba1a84f0 nmethod 888 0x0000016aad0cfa90 code [0x0000016aad0cfc60, 0x0000016aad0d0028]
Event: 1.457 Thread 0x0000016aba1a84f0  889       4       java.lang.invoke.MethodType::hashCode (53 bytes)
Event: 1.459 Thread 0x0000016aba1a84f0 nmethod 889 0x0000016aad0d0390 code [0x0000016aad0d0540, 0x0000016aad0d0770]
Event: 1.459 Thread 0x0000016aba1a84f0  890       4       java.util.ImmutableCollections$List12::get (35 bytes)
Event: 1.459 Thread 0x0000016aba1a84f0 nmethod 890 0x0000016aad0d0910 code [0x0000016aad0d0aa0, 0x0000016aad0d0b50]
Event: 1.459 Thread 0x0000016aba1a84f0  891   !   4       java.lang.ref.NativeReferenceQueue::poll (28 bytes)
Event: 1.460 Thread 0x0000016aba1a84f0 nmethod 891 0x0000016aad0d0c10 code [0x0000016aad0d0da0, 0x0000016aad0d0e50]
Event: 1.460 Thread 0x0000016aba1a84f0  892       4       java.lang.invoke.MethodType::makeImpl (109 bytes)
Event: 1.489 Thread 0x0000016aba1acfa0  896       3       java.io.WinNTFileSystem::prefixLength (91 bytes)
Event: 1.490 Thread 0x0000016aba1acfa0 nmethod 896 0x0000016aa5728f10 code [0x0000016aa5729220, 0x0000016aa572a610]

GC Heap History (0 events):
No events

Dll operation events (8 events):
Event: 0.022 Loaded shared library C:\Program Files\Eclipse Adoptium\jdk-21.0.2.13-hotspot\bin\java.dll
Event: 0.056 Loaded shared library C:\Program Files\Eclipse Adoptium\jdk-21.0.2.13-hotspot\bin\jsvml.dll
Event: 0.342 Loaded shared library C:\Program Files\Eclipse Adoptium\jdk-21.0.2.13-hotspot\bin\net.dll
Event: 0.343 Loaded shared library C:\Program Files\Eclipse Adoptium\jdk-21.0.2.13-hotspot\bin\nio.dll
Event: 0.349 Loaded shared library C:\Program Files\Eclipse Adoptium\jdk-21.0.2.13-hotspot\bin\zip.dll
Event: 0.393 Loaded shared library C:\Program Files\Eclipse Adoptium\jdk-21.0.2.13-hotspot\bin\jimage.dll
Event: 0.469 Loaded shared library C:\Users\deran\AppData\Local\Temp\lwjglderan\3.2.3-build-13\lwjgl.dll
Event: 0.720 Loaded shared library C:\Users\deran\AppData\Local\Temp\lwjglderan\3.2.3-build-13\lwjgl_opengl.dll

Deoptimization events (12 events):
Event: 0.388 Thread 0x0000016a9b534ef0 Uncommon trap: trap_request=0xffffff45 fr.pc=0x0000016aad0967f4 relative=0x00000000000002b4
Event: 0.388 Thread 0x0000016a9b534ef0 Uncommon trap: reason=unstable_if action=reinterpret pc=0x0000016aad0967f4 method=java.lang.StringLatin1.hashCode([B)I @ 2 c2
Event: 0.388 Thread 0x0000016a9b534ef0 DEOPT PACKING pc=0x0000016aad0967f4 sp=0x000000294cafa520
Event: 0.388 Thread 0x0000016a9b534ef0 DEOPT UNPACKING pc=0x0000016aacb47da2 sp=0x000000294cafa458 mode 2
Event: 0.420 Thread 0x0000016a9b534ef0 DEOPT PACKING pc=0x0000016aa55dac73 sp=0x000000294cafa5e0
Event: 0.420 Thread 0x0000016a9b534ef0 DEOPT UNPACKING pc=0x0000016aacb488e2 sp=0x000000294caf9a00 mode 0
Event: 1.038 Thread 0x0000016a9b534ef0 Uncommon trap: trap_request=0xffffff54 fr.pc=0x0000016aad0bc018 relative=0x0000000000000078
Event: 1.038 Thread 0x0000016a9b534ef0 Uncommon trap: reason=speculate_null_assert action=make_not_entrant pc=0x0000016aad0bc018 method=sun.misc.Unsafe.putLong(Ljava/lang/Object;JJ)V @ 7 c2
Event: 1.038 Thread 0x0000016a9b534ef0 DEOPT PACKING pc=0x0000016aad0bc018 sp=0x000000294cafed00
Event: 1.038 Thread 0x0000016a9b534ef0 DEOPT UNPACKING pc=0x0000016aacb47da2 sp=0x000000294cafec98 mode 2
Event: 1.363 Thread 0x0000016a9b534ef0 DEOPT PACKING pc=0x0000016aa5613683 sp=0x000000294cafd800
Event: 1.363 Thread 0x0000016a9b534ef0 DEOPT UNPACKING pc=0x0000016aacb488e2 sp=0x000000294cafcc60 mode 0

Classes loaded (20 events):
Event: 0.522 Loading class jdk/internal/reflect/MethodHandleIntegerFieldAccessorImpl
Event: 0.522 Loading class jdk/internal/reflect/MethodHandleIntegerFieldAccessorImpl done
Event: 1.014 Loading class jdk/internal/module/ModulePatcher$PatchedModuleReader
Event: 1.014 Loading class jdk/internal/module/ModulePatcher$PatchedModuleReader done
Event: 1.015 Loading class sun/net/www/protocol/jrt/Handler
Event: 1.015 Loading class sun/net/www/protocol/jrt/Handler done
Event: 1.023 Loading class sun/util/resources/LocaleData$CommonResourceBundleProvider
Event: 1.023 Loading class sun/util/resources/LocaleData$LocaleDataResourceBundleProvider
Event: 1.024 Loading class java/util/spi/ResourceBundleProvider
Event: 1.024 Loading class java/util/spi/ResourceBundleProvider done
Event: 1.024 Loading class sun/util/resources/LocaleData$LocaleDataResourceBundleProvider done
Event: 1.024 Loading class sun/util/resources/LocaleData$CommonResourceBundleProvider done
Event: 1.027 Loading class sun/util/resources/Bundles$2
Event: 1.027 Loading class sun/util/resources/Bundles$2 done
Event: 1.041 Loading class jdk/internal/foreign/MemorySessionImpl
Event: 1.041 Loading class java/lang/foreign/MemorySegment$Scope
Event: 1.041 Loading class java/lang/foreign/MemorySegment$Scope done
Event: 1.041 Loading class jdk/internal/foreign/MemorySessionImpl done
Event: 1.388 Loading class jdk/internal/reflect/MethodHandleLongFieldAccessorImpl
Event: 1.388 Loading class jdk/internal/reflect/MethodHandleLongFieldAccessorImpl done

Classes unloaded (0 events):
No events

Classes redefined (0 events):
No events

Internal exceptions (20 events):
Event: 0.444 Thread 0x0000016a9b534ef0 Exception <a 'java/lang/NoSuchMethodError'{0x000000008b887c60}: 'void java.lang.invoke.DelegatingMethodHandle$Holder.delegate(java.lang.Object, java.lang.Object, int, java.lang.Object)'> (0x000000008b887c60) 
thrown [s\src\hotspot\share\interpreter\linkResolver.cpp, line 773]
Event: 0.444 Thread 0x0000016a9b534ef0 Exception <a 'java/lang/NoSuchMethodError'{0x000000008b701eb8}: 'int java.lang.invoke.DirectMethodHandle$Holder.invokeSpecial(java.lang.Object, java.lang.Object, java.lang.Object)'> (0x000000008b701eb8) 
thrown [s\src\hotspot\share\interpreter\linkResolver.cpp, line 773]
Event: 0.450 Thread 0x0000016a9b534ef0 Exception <a 'java/lang/NoSuchMethodError'{0x000000008b71b1a8}: 'void java.lang.System.loadLibrary(java.lang.String, java.lang.Class)'> (0x000000008b71b1a8) 
thrown [s\src\hotspot\share\interpreter\linkResolver.cpp, line 773]
Event: 0.473 Thread 0x0000016a9b534ef0 Exception <a 'sun/nio/fs/WindowsException'{0x000000008b748fa8}> (0x000000008b748fa8) 
thrown [s\src\hotspot\share\prims\jni.cpp, line 520]
Event: 0.474 Thread 0x0000016a9b534ef0 Exception <a 'sun/nio/fs/WindowsException'{0x000000008b7494e0}> (0x000000008b7494e0) 
thrown [s\src\hotspot\share\prims\jni.cpp, line 520]
Event: 0.516 Thread 0x0000016a9b534ef0 Exception <a 'sun/nio/fs/WindowsException'{0x000000008b625cb0}> (0x000000008b625cb0) 
thrown [s\src\hotspot\share\prims\jni.cpp, line 520]
Event: 0.516 Thread 0x0000016a9b534ef0 Exception <a 'sun/nio/fs/WindowsException'{0x000000008b626020}> (0x000000008b626020) 
thrown [s\src\hotspot\share\prims\jni.cpp, line 520]
Event: 0.522 Thread 0x0000016a9b534ef0 Exception <a 'java/lang/NoSuchMethodError'{0x000000008b636c78}: 'int java.lang.invoke.Invokers$Holder.invokeExact_MT(java.lang.Object, java.lang.Object)'> (0x000000008b636c78) 
thrown [s\src\hotspot\share\interpreter\linkResolver.cpp, line 773]
Event: 0.663 Thread 0x0000016a9b534ef0 Exception <a 'java/lang/NoSuchMethodError'{0x000000008b6917c8}: 'void java.lang.invoke.DirectMethodHandle$Holder.invokeStaticInit(java.lang.Object, long, double, double)'> (0x000000008b6917c8) 
thrown [s\src\hotspot\share\interpreter\linkResolver.cpp, line 773]
Event: 0.668 Thread 0x0000016a9b534ef0 Exception <a 'java/lang/NoSuchMethodError'{0x000000008b69f150}: 'void java.lang.invoke.DirectMethodHandle$Holder.invokeStaticInit(java.lang.Object, long, int, int, int)'> (0x000000008b69f150) 
thrown [s\src\hotspot\share\interpreter\linkResolver.cpp, line 773]
Event: 0.674 Thread 0x0000016a9b534ef0 Exception <a 'java/lang/NoSuchMethodError'{0x000000008b6b4840}: 'void java.lang.invoke.DirectMethodHandle$Holder.invokeStaticInit(java.lang.Object, long, int, int, int, int)'> (0x000000008b6b4840) 
thrown [s\src\hotspot\share\interpreter\linkResolver.cpp, line 773]
Event: 0.678 Thread 0x0000016a9b534ef0 Exception <a 'java/lang/NoSuchMethodError'{0x000000008b6bee98}: 'void java.lang.invoke.DirectMethodHandle$Holder.invokeStatic(java.lang.Object, long, int, int)'> (0x000000008b6bee98) 
thrown [s\src\hotspot\share\interpreter\linkResolver.cpp, line 773]
Event: 0.709 Thread 0x0000016a9b534ef0 Exception <a 'java/lang/NoSuchMethodError'{0x000000008b6e1d80}: 'void java.lang.System.load(java.lang.String, java.lang.Class)'> (0x000000008b6e1d80) 
thrown [s\src\hotspot\share\interpreter\linkResolver.cpp, line 773]
Event: 0.711 Thread 0x0000016a9b534ef0 Exception <a 'java/lang/NoSuchMethodError'{0x000000008b6e4720}: 'void java.lang.System.loadLibrary(java.lang.String, java.lang.Class)'> (0x000000008b6e4720) 
thrown [s\src\hotspot\share\interpreter\linkResolver.cpp, line 773]
Event: 0.718 Thread 0x0000016a9b534ef0 Exception <a 'sun/nio/fs/WindowsException'{0x000000008b6f3d98}> (0x000000008b6f3d98) 
thrown [s\src\hotspot\share\prims\jni.cpp, line 520]
Event: 0.718 Thread 0x0000016a9b534ef0 Exception <a 'sun/nio/fs/WindowsException'{0x000000008b6f4148}> (0x000000008b6f4148) 
thrown [s\src\hotspot\share\prims\jni.cpp, line 520]
Event: 0.723 Thread 0x0000016a9b534ef0 Exception <a 'sun/nio/fs/WindowsException'{0x000000008b6fa658}> (0x000000008b6fa658) 
thrown [s\src\hotspot\share\prims\jni.cpp, line 520]
Event: 0.723 Thread 0x0000016a9b534ef0 Exception <a 'sun/nio/fs/WindowsException'{0x000000008b6fa940}> (0x000000008b6fa940) 
thrown [s\src\hotspot\share\prims\jni.cpp, line 520]
Event: 1.388 Thread 0x0000016a9b534ef0 Exception <a 'java/lang/NoSuchMethodError'{0x000000008af757e0}: 'long java.lang.invoke.DelegatingMethodHandle$Holder.reinvoke_L(java.lang.Object, java.lang.Object)'> (0x000000008af757e0) 
thrown [s\src\hotspot\share\interpreter\linkResolver.cpp, line 773]
Event: 1.389 Thread 0x0000016a9b534ef0 Exception <a 'java/lang/NoSuchMethodError'{0x000000008af7bdb8}: 'long java.lang.invoke.Invokers$Holder.invokeExact_MT(java.lang.Object, java.lang.Object, java.lang.Object)'> (0x000000008af7bdb8) 
thrown [s\src\hotspot\share\interpreter\linkResolver.cpp, line 773]

ZGC Phase Switch (0 events):
No events

VM Operations (4 events):
Event: 0.354 Executing VM operation: HandshakeAllThreads (Deoptimize)
Event: 0.354 Executing VM operation: HandshakeAllThreads (Deoptimize) done
Event: 1.364 Executing VM operation: Cleanup
Event: 1.364 Executing VM operation: Cleanup done

Events (16 events):
Event: 0.035 Thread 0x0000016a9b534ef0 Thread added: 0x0000016a9b534ef0
Event: 0.053 Thread 0x0000016aba18f2a0 Thread added: 0x0000016aba18f2a0
Event: 0.053 Thread 0x0000016aba1900b0 Thread added: 0x0000016aba1900b0
Event: 0.054 Thread 0x0000016aba1933c0 Thread added: 0x0000016aba1933c0
Event: 0.054 Thread 0x0000016aba1942c0 Thread added: 0x0000016aba1942c0
Event: 0.054 Thread 0x0000016aba1975c0 Thread added: 0x0000016aba1975c0
Event: 0.054 Thread 0x0000016aba19a630 Thread added: 0x0000016aba19a630
Event: 0.054 Thread 0x0000016aba1a84f0 Thread added: 0x0000016aba1a84f0
Event: 0.054 Thread 0x0000016aba1acfa0 Thread added: 0x0000016aba1acfa0
Event: 0.108 Thread 0x0000016aba48e6b0 Thread added: 0x0000016aba48e6b0
Event: 0.108 Thread 0x0000016aba48f630 Thread added: 0x0000016aba48f630
Event: 0.108 Thread 0x0000016aba499ee0 Thread added: 0x0000016aba499ee0
Event: 0.325 Thread 0x0000016aba19b9e0 Thread added: 0x0000016aba19b9e0
Event: 0.328 Thread 0x0000016aba19acc0 Thread added: 0x0000016aba19acc0
Event: 1.041 Thread 0x0000016aba5edaf0 Thread added: 0x0000016aba5edaf0
Event: 1.183 Thread 0x0000016aba5edaf0 Thread exited: 0x0000016aba5edaf0


Dynamic libraries:
0x00007ff686ac0000 - 0x00007ff686ace000 	C:\Program Files\Eclipse Adoptium\jdk-21.0.2.13-hotspot\bin\java.exe
0x00007ff89d150000 - 0x00007ff89d367000 	C:\WINDOWS\SYSTEM32\ntdll.dll
0x00007ff89af00000 - 0x00007ff89afc4000 	C:\WINDOWS\System32\KERNEL32.DLL
0x00007ff89aaa0000 - 0x00007ff89ae4d000 	C:\WINDOWS\System32\KERNELBASE.dll
0x00007ff89a4e0000 - 0x00007ff89a5f1000 	C:\WINDOWS\System32\ucrtbase.dll
0x00007ff87ee00000 - 0x00007ff87ee18000 	C:\Program Files\Eclipse Adoptium\jdk-21.0.2.13-hotspot\bin\jli.dll
0x00007ff87ea30000 - 0x00007ff87ea4b000 	C:\Program Files\Eclipse Adoptium\jdk-21.0.2.13-hotspot\bin\VCRUNTIME140.dll
0x00007ff89b840000 - 0x00007ff89b9ee000 	C:\WINDOWS\System32\USER32.dll
0x00007ff89a770000 - 0x00007ff89a796000 	C:\WINDOWS\System32\win32u.dll
0x00007ff889d90000 - 0x00007ff88a023000 	C:\WINDOWS\WinSxS\amd64_microsoft.windows.common-controls_6595b64144ccf1df_6.0.22621.3672_none_2713b9d173822955\COMCTL32.dll
0x00007ff89ccf0000 - 0x00007ff89cd19000 	C:\WINDOWS\System32\GDI32.dll
0x00007ff89ca40000 - 0x00007ff89cae7000 	C:\WINDOWS\System32\msvcrt.dll
0x00007ff89a840000 - 0x00007ff89a959000 	C:\WINDOWS\System32\gdi32full.dll
0x00007ff89a7a0000 - 0x00007ff89a83a000 	C:\WINDOWS\System32\msvcp_win.dll
0x00007ff89b9f0000 - 0x00007ff89ba21000 	C:\WINDOWS\System32\IMM32.DLL
0x00007ff87f2a0000 - 0x00007ff87f2ac000 	C:\Program Files\Eclipse Adoptium\jdk-21.0.2.13-hotspot\bin\vcruntime140_1.dll
0x00007ff863050000 - 0x00007ff8630de000 	C:\Program Files\Eclipse Adoptium\jdk-21.0.2.13-hotspot\bin\msvcp140.dll
0x00007ff8381c0000 - 0x00007ff838f43000 	C:\Program Files\Eclipse Adoptium\jdk-21.0.2.13-hotspot\bin\server\jvm.dll
0x00007ff89c980000 - 0x00007ff89ca32000 	C:\WINDOWS\System32\ADVAPI32.dll
0x00007ff89c270000 - 0x00007ff89c319000 	C:\WINDOWS\System32\sechost.dll
0x00007ff89ae50000 - 0x00007ff89ae78000 	C:\WINDOWS\System32\bcrypt.dll
0x00007ff89bca0000 - 0x00007ff89bdb4000 	C:\WINDOWS\System32\RPCRT4.dll
0x00007ff89bf80000 - 0x00007ff89bff1000 	C:\WINDOWS\System32\WS2_32.dll
0x00007ff8934e0000 - 0x00007ff893514000 	C:\WINDOWS\SYSTEM32\WINMM.dll
0x00007ff899300000 - 0x00007ff89934d000 	C:\WINDOWS\SYSTEM32\POWRPROF.dll
0x00007ff893990000 - 0x00007ff89399a000 	C:\WINDOWS\SYSTEM32\VERSION.dll
0x00007ff8992e0000 - 0x00007ff8992f3000 	C:\WINDOWS\SYSTEM32\UMPDC.dll
0x00007ff899590000 - 0x00007ff8995a8000 	C:\WINDOWS\SYSTEM32\kernel.appcore.dll
0x00007ff87f270000 - 0x00007ff87f27a000 	C:\Program Files\Eclipse Adoptium\jdk-21.0.2.13-hotspot\bin\jimage.dll
0x00007ff897cf0000 - 0x00007ff897f22000 	C:\WINDOWS\SYSTEM32\DBGHELP.DLL
0x00007ff89cd80000 - 0x00007ff89d10d000 	C:\WINDOWS\System32\combase.dll
0x00007ff89c3d0000 - 0x00007ff89c4a7000 	C:\WINDOWS\System32\OLEAUT32.dll
0x00007ff891e40000 - 0x00007ff891e72000 	C:\WINDOWS\SYSTEM32\dbgcore.DLL
0x00007ff89aa20000 - 0x00007ff89aa9b000 	C:\WINDOWS\System32\bcryptPrimitives.dll
0x00007ff864d00000 - 0x00007ff864d3c000 	C:\Program Files\Eclipse Adoptium\jdk-21.0.2.13-hotspot\bin\jdwp.dll
0x00007ff87e650000 - 0x00007ff87e66f000 	C:\Program Files\Eclipse Adoptium\jdk-21.0.2.13-hotspot\bin\java.dll
0x00007ff89afd0000 - 0x00007ff89b838000 	C:\WINDOWS\System32\SHELL32.dll
0x00007ff8983c0000 - 0x00007ff898cbe000 	C:\WINDOWS\SYSTEM32\windows.storage.dll
0x00007ff898280000 - 0x00007ff8983bf000 	C:\WINDOWS\SYSTEM32\wintypes.dll
0x00007ff89caf0000 - 0x00007ff89cbe9000 	C:\WINDOWS\System32\SHCORE.dll
0x00007ff89c090000 - 0x00007ff89c0ee000 	C:\WINDOWS\System32\shlwapi.dll
0x00007ff89a3a0000 - 0x00007ff89a3c1000 	C:\WINDOWS\SYSTEM32\profapi.dll
0x00007ff8568f0000 - 0x00007ff8569c7000 	C:\Program Files\Eclipse Adoptium\jdk-21.0.2.13-hotspot\bin\jsvml.dll
0x00007ff8676b0000 - 0x00007ff8676bc000 	C:\Program Files\Eclipse Adoptium\jdk-21.0.2.13-hotspot\bin\dt_socket.dll
0x00007ff898fa0000 - 0x00007ff898fcd000 	C:\WINDOWS\SYSTEM32\IPHLPAPI.DLL
0x00007ff899a00000 - 0x00007ff899a69000 	C:\WINDOWS\system32\mswsock.dll
0x00007ff87eae0000 - 0x00007ff87eaf0000 	C:\Program Files\Eclipse Adoptium\jdk-21.0.2.13-hotspot\bin\net.dll
0x00007ff893a30000 - 0x00007ff893b66000 	C:\WINDOWS\SYSTEM32\WINHTTP.dll
0x00007ff86e040000 - 0x00007ff86e056000 	C:\Program Files\Eclipse Adoptium\jdk-21.0.2.13-hotspot\bin\nio.dll
0x00007ff86e060000 - 0x00007ff86e078000 	C:\Program Files\Eclipse Adoptium\jdk-21.0.2.13-hotspot\bin\zip.dll
0x00007ff85cd20000 - 0x00007ff85cd84000 	C:\Users\deran\AppData\Local\Temp\lwjglderan\3.2.3-build-13\lwjgl.dll
0x00007ff85bbf0000 - 0x00007ff85bc52000 	C:\Users\deran\AppData\Local\Temp\lwjglderan\3.2.3-build-13\glfw.dll
0x00007ff897560000 - 0x00007ff897610000 	C:\WINDOWS\system32\uxtheme.dll
0x00007ff85dc90000 - 0x00007ff85dcd6000 	C:\WINDOWS\SYSTEM32\dinput8.dll
0x00007ff864ce0000 - 0x00007ff864cf1000 	C:\WINDOWS\SYSTEM32\xinput1_4.dll
0x00007ff89a150000 - 0x00007ff89a19e000 	C:\WINDOWS\SYSTEM32\cfgmgr32.dll
0x00007ff89a120000 - 0x00007ff89a14c000 	C:\WINDOWS\SYSTEM32\DEVOBJ.dll
0x00007ff897980000 - 0x00007ff8979ab000 	C:\WINDOWS\SYSTEM32\dwmapi.dll
0x00007ff86e140000 - 0x00007ff86e34e000 	C:\WINDOWS\SYSTEM32\inputhost.dll
0x00007ff895d80000 - 0x00007ff895eb3000 	C:\WINDOWS\SYSTEM32\CoreMessaging.dll
0x00007ff89c100000 - 0x00007ff89c25b000 	C:\WINDOWS\System32\MSCTF.dll
0x00007ff899c80000 - 0x00007ff899c8c000 	C:\WINDOWS\SYSTEM32\CRYPTBASE.DLL
0x00007ff898cc0000 - 0x00007ff898cce000 	C:\WINDOWS\SYSTEM32\HID.DLL
0x00007ff89c4b0000 - 0x00007ff89c924000 	C:\WINDOWS\System32\SETUPAPI.DLL
0x00007ff89a470000 - 0x00007ff89a4db000 	C:\WINDOWS\System32\WINTRUST.dll
0x00007ff89a600000 - 0x00007ff89a767000 	C:\WINDOWS\System32\CRYPT32.dll
0x00007ff89a100000 - 0x00007ff89a112000 	C:\WINDOWS\SYSTEM32\MSASN1.dll
0x00007ff877100000 - 0x00007ff877200000 	C:\WINDOWS\SYSTEM32\opengl32.dll
0x00007ff885700000 - 0x00007ff88572d000 	C:\WINDOWS\SYSTEM32\GLU32.dll
0x00007ff897640000 - 0x00007ff897677000 	C:\WINDOWS\SYSTEM32\dxcore.dll
0x00007ff8801a0000 - 0x00007ff8801e9000 	C:\WINDOWS\SYSTEM32\directxdatabasehelper.dll
0x00007ff89c320000 - 0x00007ff89c3d0000 	C:\WINDOWS\System32\clbcatq.dll
0x00007ff82cd80000 - 0x00007ff82ddf1000 	C:\WINDOWS\System32\DriverStore\FileRepository\iigd_dch.inf_amd64_0a2eb8dac923ec42\ig11icd64.dll
0x00007ff89ba40000 - 0x00007ff89bbe5000 	C:\WINDOWS\System32\ole32.dll
0x00007ff897780000 - 0x00007ff897877000 	C:\WINDOWS\system32\dxgi.dll
0x00007ff84c760000 - 0x00007ff84cbe7000 	C:\WINDOWS\System32\DriverStore\FileRepository\iigd_dch.inf_amd64_0a2eb8dac923ec42\igdml64.dll
0x00007ff87b490000 - 0x00007ff87b851000 	C:\WINDOWS\System32\DriverStore\FileRepository\iigd_dch.inf_amd64_0a2eb8dac923ec42\igdgmm64.dll
0x00007ff878040000 - 0x00007ff87b246000 	C:\WINDOWS\System32\DriverStore\FileRepository\iigd_dch.inf_amd64_0a2eb8dac923ec42\igc64.dll
0x00007ff874a90000 - 0x00007ff874bde000 	C:\WINDOWS\SYSTEM32\textinputframework.dll
0x00007ff87dbf0000 - 0x00007ff87df5d000 	C:\WINDOWS\SYSTEM32\CoreUIComponents.dll
0x00007ff859930000 - 0x00007ff859989000 	C:\Users\deran\AppData\Local\Temp\lwjglderan\3.2.3-build-13\lwjgl_opengl.dll

dbghelp: loaded successfully - version: 4.0.5 - missing functions: none
symbol engine: initialized successfully - sym options: 0x614 - pdb path: .;C:\Program Files\Eclipse Adoptium\jdk-21.0.2.13-hotspot\bin;C:\WINDOWS\SYSTEM32;C:\WINDOWS\WinSxS\amd64_microsoft.windows.common-controls_6595b64144ccf1df_6.0.22621.3672_none_2713b9d173822955;C:\Program Files\Eclipse Adoptium\jdk-21.0.2.13-hotspot\bin\server;C:\Users\deran\AppData\Local\Temp\lwjglderan\3.2.3-build-13;C:\WINDOWS\System32\DriverStore\FileRepository\iigd_dch.inf_amd64_0a2eb8dac923ec42

VM Arguments:
jvm_args: -agentlib:jdwp=transport=dt_socket,server=n,suspend=y,address=127.0.0.1:49798 -Dfile.encoding=windows-1252 -Duser.country=DE -Duser.language=de -Duser.variant 
java_command: Main -ea
java_class_path (initial): C:\Users\deran\IdeaProjects\GameEngine\build\classes\java\main;C:\Users\deran\IdeaProjects\GameEngine\build\resources\main;C:\Users\deran\.gradle\caches\modules-2\files-2.1\com.google.code.gson\gson\2.8.6\9180733b7df8542621dc12e21e87557e8c99b8cb\gson-2.8.6.jar;C:\Users\deran\.gradle\caches\modules-2\files-2.1\io.imgui.java\lwjgl3\1.76-0.9\e59d2c987f7992b35f69f83e3554590de40c7e79\lwjgl3-1.76-0.9.jar;C:\Users\deran\.gradle\caches\modules-2\files-2.1\io.imgui.java\binding\1.76-0.9\26b8c5547da3642e214d9ace5a6c624e1ed315b7\binding-1.76-0.9.jar;C:\Users\deran\.gradle\caches\modules-2\files-2.1\org.lwjgl\lwjgl-assimp\3.2.3\f62aa07a20afbdd3097efc296c4841e0d29700eb\lwjgl-assimp-3.2.3.jar;C:\Users\deran\.gradle\caches\modules-2\files-2.1\org.lwjgl\lwjgl-assimp\3.2.3\4e60aeb75f0343c4a9ede4ef8b6b32ca702a00a3\lwjgl-assimp-3.2.3-natives-windows.jar;C:\Users\deran\.gradle\caches\modules-2\files-2.1\org.lwjgl\lwjgl-glfw\3.2.3\5e520d5c290c8b012545a8d34fa5db5ab051ea53\lwjgl-glfw-3.2.3.jar;C:\Users\deran\.gradle\caches\modules-2\files-2.1\org.lwjgl\lwjgl-glfw\3.2.3\b4d8a3477cdc2edcf7a5f1e822926be846223f54\lwjgl-glfw-3.2.3-natives-windows.jar;C:\Users\deran\.gradle\caches\modules-2\files-2.1\org.lwjgl\lwjgl-nfd\3.2.3\c44fee1043c022cf6614a28872d44cf114ca7737\lwjgl-nfd-3.2.3.jar;C:\Users\deran\.gradle\caches\modules-2\files-2.1\org.lwjgl\lwjgl-nfd\3.2.3\32782f5f5c57769efb82af864e70b819c77bc891\lwjgl-nfd-3.2.3-natives-windows.jar;C:\Users\deran\.gradle\caches\modules-2\files-2.1\org.lwjgl\lwjgl-openal\3.2.3\106742e805803ab9eab8e343f0fb31a3d263903c\lwjgl-openal-3.2.3.jar;C:\Users\deran\.gradle\caches\modules-2\files-2.1\org.lwjgl\lwjgl-openal\3.2.3\ec898e8ce11b5886f4f532a1536283ef2817758d\lwjgl-openal-3.2.3-natives-windows.jar;C:\Users\deran\.gradle\caches\modules-2\files-2.1\org.lwjgl\lwjgl-opengl\3.2.3\bdd534a323d0c8f54969b95e424b6ac8984f7d6e\lwjgl-opengl-3.2.3.jar;C:\Users\deran\.gradle\caches\modules-2\files-2.1\org.lwjgl\lwjgl-opengl\3.2.3\e81cfc73ec8708e5e791ed770e4ec3edfc1bbab1\lwjgl-opengl-3.2.3-natives-windows.jar;C:\Users\deran\.gradle\caches\modules-2\files-2.1\org.lwjgl\lwjgl-stb\3.2.3\40eccaa4fa86fc815f2e17946a392fb5fdcc286a\lwjgl-stb-3.2.3.jar;C:\Users\deran\.gradle\caches\modules-2\files-2.1\org.lwjgl\lwjgl-stb\3.2.3\817b21ec286f0ba3dcedb56a3bd275e6a9345be9\lwjgl-stb-3.2.3-natives-windows.jar;C:\Users\deran\.gradle\caches\modules-2\files-2.1\org.lwjgl\lwjgl\3.2.3\17a59ba0fe8d474ec9dbe0d5db40d2cfe59c4c08\lwjgl-3.2.3.jar;C:\Users\deran\.gradle\caches\modules-2\files-2.1\org.lwjgl\lwjgl\3.2.3\27f32cd35349684745951e04388e8e00d681cdcd\lwjgl-3.2.3-natives-windows.jar;C:\Users\deran\.gradle\caches\modules-2\files-2.1\org.joml\joml\1.10.7\f8c3f2e7db281bde099342dd36133de4bbba390c\joml-1.10.7.jar;C:\Users\deran\.gradle\caches\modules-2\files-2.1\io.imgui.java\natives-windows\1.76-0.9\361eadac2f9c8cffc73a99cdbecc31b62f591bbf\natives-windows-1.76-0.9.jar;C:\Users\deran\.gradle\caches\modules-2\files-2.1\org.jetbrains.kotlin\kotlin-stdlib-jdk8\1.8.20\73576ddf378c5b4f1f6b449fe6b119b8183fc078\kotlin-stdlib-jdk8-1.8.20.jar;C:\Users\deran\.gradle\caches\modules-2\files-2.1\org.jetbrains.kotlin\kotlin-stdlib-jdk7\1.8.20\3aa51faf20aae8b31e1a4bc54f8370673d7b7df4\kotlin-stdlib-jdk7-1.8.20.jar;C:\Users\deran\.gradle\caches\modules-2\files-2.1\org.jetbrains.kotlin\kotlin-stdlib\1.8.20\e72fc5e03ec6c064c678a6bd0d955c88d55b0c4a\kotlin-stdlib-1.8.20.jar;C:\Users\deran\.gradle\caches\modules-2\files-2.1\org.jetbrains.kotlin\kotlin-stdlib-common\1.8.20\5eddaaf234c8c49d03eebeb6a14feb7f90faca71\kotlin-stdlib-common-1.8.20.jar;C:\Users\deran\.gradle\caches\modules-2\files-2.1\org.jetbrains\annotations\13.0\919f0dfe192fb4e063e7dacadee7f8bb9a2672a9\annotations-13.0.jar
Launcher Type: SUN_STANDARD

[Global flags]
     intx CICompilerCount                          = 4                                         {product} {ergonomic}
     uint ConcGCThreads                            = 2                                         {product} {ergonomic}
     uint G1ConcRefinementThreads                  = 8                                         {product} {ergonomic}
   size_t G1HeapRegionSize                         = 1048576                                   {product} {ergonomic}
    uintx GCDrainStackTargetSize                   = 64                                        {product} {ergonomic}
   size_t InitialHeapSize                          = 130023424                                 {product} {ergonomic}
   size_t MarkStackSize                            = 4194304                                   {product} {ergonomic}
   size_t MaxHeapSize                              = 2080374784                                {product} {ergonomic}
   size_t MaxNewSize                               = 1247805440                                {product} {ergonomic}
   size_t MinHeapDeltaBytes                        = 1048576                                   {product} {ergonomic}
   size_t MinHeapSize                              = 8388608                                   {product} {ergonomic}
    uintx NonNMethodCodeHeapSize                   = 5839372                                {pd product} {ergonomic}
    uintx NonProfiledCodeHeapSize                  = 122909434                              {pd product} {ergonomic}
    uintx ProfiledCodeHeapSize                     = 122909434                              {pd product} {ergonomic}
    uintx ReservedCodeCacheSize                    = 251658240                              {pd product} {ergonomic}
     bool SegmentedCodeCache                       = true                                      {product} {ergonomic}
   size_t SoftMaxHeapSize                          = 2080374784                             {manageable} {ergonomic}
     bool UseCompressedOops                        = true                           {product lp64_product} {ergonomic}
     bool UseG1GC                                  = true                                      {product} {ergonomic}
     bool UseLargePagesIndividualAllocation        = false                                  {pd product} {ergonomic}

Logging:
Log output configuration:
 #0: stdout all=warning uptime,level,tags foldmultilines=false
 #1: stderr all=off uptime,level,tags foldmultilines=false

Environment Variables:
PATH=C:\Program Files\Eclipse Adoptium\jdk-21.0.2.13-hotspot\bin;C:\Windows\system32;C:\Windows;C:\Windows\System32\Wbem;C:\Windows\System32\WindowsPowerShell\v1.0\;C:\Windows\System32\OpenSSH\;C:\Program Files (x86)\NVIDIA Corporation\PhysX\Common;C:\WINDOWS\system32;C:\WINDOWS;C:\WINDOWS\System32\Wbem;C:\WINDOWS\System32\WindowsPowerShell\v1.0\;C:\WINDOWS\System32\OpenSSH\;C:\Program Files\nodejs\;C:\Program Files (x86)\gs\gs10.02.1\bin;C:\Program Files (x86)\GtkSharp\2.12\bin;C:\Program Files\dotnet\;C:\msys64\ucrt64\bin;C:\Users\deran\AppData\Local\bin\NASM\nasm.exe;C:\Program Files (x86)\ZSharp;C:\Program Files\Microsoft SQL Server\150\Tools\Binn\;C:\Users\deran\AppData\Local\Packages\PythonSoftwareFoundation.Python.3.11_qbz5n2kfra8p0\LocalCache\local-packages\Python311\site-packages;C:\msys64\usr\bin\make.exe;C:\MinGW\bin;C:\Users\deran\Downloads\cdrtfe-1.5.9\cdrtfe-1.5.9\tools\cdrtools;C:\Program Files\cdrtools;C:\Users\deran\Downloads\ffmpeg-master-latest-win64-gpl\bin;;C:\Program Files\NVIDIA Corporation\NVIDIA NvDLISR;C:\Users\deran\AppData\Local\Programs\Python\Python312\Scripts\;C:\Users\deran\AppData\Local\Programs\Python\Python312\;C:\Users\deran\.cargo\bin;C:\Users\deran\AppData\Local\Microsoft\WindowsApps;C:\Users\deran\AppData\Local\Programs\Microsoft VS Code\bin;C:\Users\deran\AppData\Roaming\npm;C:\Users\deran\AppData\Local\Programs\Git\cmd;C:\Users\deran\AppData\Local\GitHubDesktop\bin;C:\Users\deran\.dotnet\tools;C:\Users\deran\flutter\bin
USERNAME=deran
OS=Windows_NT
PROCESSOR_IDENTIFIER=Intel64 Family 6 Model 126 Stepping 5, GenuineIntel
TMP=C:\Users\deran\AppData\Local\Temp
TEMP=C:\Users\deran\AppData\Local\Temp




Periodic native trim disabled

---------------  S Y S T E M  ---------------

OS:
 Windows 11 , 64 bit Build 22621 (10.0.22621.3958)
OS uptime: 5 days 1:04 hours

CPU: total 8 (initial active 8) (4 cores per cpu, 2 threads per core) family 6 model 126 stepping 5 microcode 0xa0, cx8, cmov, fxsr, ht, mmx, 3dnowpref, sse, sse2, sse3, ssse3, sse4.1, sse4.2, popcnt, lzcnt, tsc, tscinvbit, avx, avx2, aes, erms, clmul, bmi1, bmi2, adx, avx512f, avx512dq, avx512cd, avx512bw, avx512vl, sha, fma, vzeroupper, avx512_vpopcntdq, avx512_vpclmulqdq, avx512_vaes, avx512_vnni, clflush, clflushopt, avx512_vbmi2, avx512_vbmi, rdtscp, rdpid, fsrm, gfni, avx512_bitalg, f16c, pku, avx512_ifma
Processor Information for all 8 processors :
  Max Mhz: 1190, Current Mhz: 991, Mhz Limit: 987

Memory: 4k page, system-wide physical 7932M (483M free)
TotalPageFile size 19196M (AvailPageFile size 5188M)
current process WorkingSet (physical memory assigned to process): 143M, peak: 143M
current process commit charge ("private bytes"): 252M, peak: 253M

vm_info: OpenJDK 64-Bit Server VM (21.0.2+13-LTS) for windows-amd64 JRE (21.0.2+13-LTS), built on 2024-01-16T00:00:00Z by "admin" with unknown MS VC++:1937

END.
