#
# A fatal error has been detected by the Java Runtime Environment:
#
#  EXCEPTION_ACCESS_VIOLATION (0xc0000005) at pc=0x00007fffd2ad8c26, pid=26032, tid=11480
#
# JRE version: OpenJDK Runtime Environment Temurin-21.0.2+13 (21.0.2+13) (build 21.0.2+13-LTS)
# Java VM: OpenJDK 64-Bit Server VM Temurin-21.0.2+13 (21.0.2+13-LTS, mixed mode, sharing, tiered, compressed oops, compressed class ptrs, g1 gc, windows-amd64)
# Problematic frame:
# C  [ig11icd64.dll+0x88c26]
#
# No core dump will be written. Minidumps are not enabled by default on client versions of Windows
#
# If you would like to submit a bug report, please visit:
#   https://github.com/adoptium/adoptium-support/issues
# The crash happened outside the Java Virtual Machine in native code.
# See problematic frame for where to report the bug.
#

---------------  S U M M A R Y ------------

Command Line: -Dfile.encoding=windows-1252 -Duser.country=DE -Duser.language=de -Duser.variant Main -ea

Host: Intel(R) Core(TM) i5-1035G1 CPU @ 1.00GHz, 8 cores, 7G,  Windows 11 , 64 bit Build 22621 (10.0.22621.3672)
Time: Fri Aug  9 08:11:24 2024 Mitteleuropäische Sommerzeit elapsed time: 1.947874 seconds (0d 0h 0m 1s)

---------------  T H R E A D  ---------------

Current thread (0x00000220c7f7fc20):  JavaThread "main"             [_thread_in_native, id=11480, stack(0x000000cb8a900000,0x000000cb8aa00000) (1024K)]

Stack: [0x000000cb8a900000,0x000000cb8aa00000],  sp=0x000000cb8a9fdf20,  free space=1015k
Native frames: (J=compiled Java code, j=interpreted, Vv=VM code, C=native code)
C  [ig11icd64.dll+0x88c26]

Java frames: (J=compiled Java code, j=interpreted, Vv=VM code)
j  org.lwjgl.opengl.GL11C.nglTexImage2D(IIIIIIIIJ)V+0
j  org.lwjgl.opengl.GL11C.glTexImage2D(IIIIIIIILjava/nio/ByteBuffer;)V+17
j  org.lwjgl.opengl.GL11.glTexImage2D(IIIIIIIILjava/nio/ByteBuffer;)V+14
j  renderer.Texture.<init>(Ljava/lang/String;)V+132
j  PetersEngine.LevelEditorScene.init()V+49
j  PetersEngine.Window.changeScene(I)V+41
j  PetersEngine.Window.init()V+162
j  PetersEngine.Window.run()V+15
j  Main.main([Ljava/lang/String;)V+5
v  ~StubRoutines::call_stub 0x00000220d9d110e7

siginfo: EXCEPTION_ACCESS_VIOLATION (0xc0000005), reading address 0x00000220f5741000


Registers:
RAX=0x000000000001519f, RBX=0x00000220f6570000, RCX=0x0000000000000000, RDX=0x00000220f5740fc0
RSP=0x000000cb8a9fdf20, RBP=0x000000cb8a9fe050, RSI=0x0000000000000000, RDI=0x00000220f6ffcf80
R8 =0x0000000000e10000, R9 =0x000000000001c200, R10=0x00000000000151a0, R11=0x00000220eb6db814
R12=0x00000000000001c1, R13=0x00000220f6570000, R14=0x000000cb8a9fe330, R15=0x00007fffd2a50000
RIP=0x00007fffd2ad8c26, EFLAGS=0x0000000000010217


Register to memory mapping:

RAX=0x000000000001519f is an unknown value
RBX=0x00000220f6570000 points into unknown readable memory: 0xffffffffffffffff | ff ff ff ff ff ff ff ff
RCX=0x0 is null
RDX=0x00000220f5740fc0 points into unknown readable memory: 0x0000000000000000 | 00 00 00 00 00 00 00 00
RSP=0x000000cb8a9fdf20 is pointing into the stack for thread: 0x00000220c7f7fc20
RBP=0x000000cb8a9fe050 is pointing into the stack for thread: 0x00000220c7f7fc20
RSI=0x0 is null
RDI=0x00000220f6ffcf80 points into unknown readable memory: 0x0000000000000000 | 00 00 00 00 00 00 00 00
R8 =0x0000000000e10000 is an unknown value
R9 =0x000000000001c200 is an unknown value
R10=0x00000000000151a0 is an unknown value
R11=0x00000220eb6db814 points into unknown readable memory: 00 00 00 00
R12=0x00000000000001c1 is an unknown value
R13=0x00000220f6570000 points into unknown readable memory: 0xffffffffffffffff | ff ff ff ff ff ff ff ff
R14=0x000000cb8a9fe330 is pointing into the stack for thread: 0x00000220c7f7fc20
R15=0x00007fffd2a50000 ig11icd64.dll

Top of Stack: (sp=0x000000cb8a9fdf20)
0x000000cb8a9fdf20:   2a9164c269c7bbf1 0000000000000000
0x000000cb8a9fdf30:   9f1b22ef64a07bb9 0000000000000000
0x000000cb8a9fdf40:   00000220f4cb4040 00007fffd3464b7a
0x000000cb8a9fdf50:   0000000000000001 000000cb8a9fe050
0x000000cb8a9fdf60:   0000000000000000 0000000000000000
0x000000cb8a9fdf70:   00000220eb970049 00007fff00000001
0x000000cb8a9fdf80:   00000220f4cb4040 0000000000000000
0x000000cb8a9fdf90:   00000220eb976710 0000000000000000
0x000000cb8a9fdfa0:   0000000000000001 000000cb8a9fe0e0
0x000000cb8a9fdfb0:   0000000000000000 0000000000000001
0x000000cb8a9fdfc0:   0000000000000001 0000000000000001
0x000000cb8a9fdfd0:   0000000000000001 0000000000000001
0x000000cb8a9fdfe0:   00000220eb6c2980 00007fffd3475a57
0x000000cb8a9fdff0:   0000000000000000 00007fffd39debe0
0x000000cb8a9fe000:   0000000000000000 0000000000000000
0x000000cb8a9fe010:   000000cb8a9fe2d8 0000000000000701
0x000000cb8a9fe020:   000000cb8a9fe0e0 0000000000000001
0x000000cb8a9fe030:   0000000000000001 0000000000000060
0x000000cb8a9fe040:   0000000000000001 0000000000000001
0x000000cb8a9fe050:   00007fffd39debe0 000000cb00000000
0x000000cb8a9fe060:   00007fffd37b7d20 00000220eb6c2980
0x000000cb8a9fe070:   0000078000000780 0000004900000000
0x000000cb8a9fe080:   00001e0000000004 00000220f4cb4040
0x000000cb8a9fe090:   0000000400000049 0000000000001e00
0x000000cb8a9fe0a0:   00000220f6570000 00000220eb83f780
0x000000cb8a9fe0b0:   0000078000000780 0000000200000035
0x000000cb8a9fe0c0:   000000cb8a9fe2d8 00000220eb6c2980
0x000000cb8a9fe0d0:   00000220eb976710 00007fffd2a7890c
0x000000cb8a9fe0e0:   0000007e00000002 0000000400000000
0x000000cb8a9fe0f0:   0000000000000001 00007fffd2fd543f
0x000000cb8a9fe100:   4000290040000280 0000000000000000
0x000000cb8a9fe110:   00000220f6570000 0000000000000002 

Instructions: (pc=0x00007fffd2ad8c26)
0x00007fffd2ad8b26:   03 d1 66 0f f7 c1 49 03 f9 41 8b c1 44 8b d1 4c
0x00007fffd2ad8b36:   2b c0 0f 29 74 24 10 4d 8b c8 0f 29 3c 24 49 c1
0x00007fffd2ad8b46:   e9 07 f6 c2 0f 0f 84 af 00 00 00 4d 85 c9 74 6b
0x00007fffd2ad8b56:   66 66 0f 1f 84 00 00 00 00 00 f3 0f 6f 02 41 ff
0x00007fffd2ad8b66:   c2 f3 0f 6f 4a 10 41 8b c2 f3 0f 6f 52 20 f3 0f
0x00007fffd2ad8b76:   6f 5a 30 f3 0f 6f 62 40 f3 0f 6f 6a 50 f3 0f 6f
0x00007fffd2ad8b86:   72 60 f3 0f 6f 7a 70 66 0f e7 07 66 0f e7 4f 10
0x00007fffd2ad8b96:   66 0f e7 57 20 66 0f e7 5f 30 66 0f e7 67 40 66
0x00007fffd2ad8ba6:   0f e7 6f 50 66 0f e7 77 60 66 0f e7 7f 70 48 83
0x00007fffd2ad8bb6:   ef 80 48 83 ea 80 49 3b c1 72 9f 41 83 e0 7f 0f
0x00007fffd2ad8bc6:   84 e0 00 00 00 45 8b d0 44 8b c9 49 c1 ea 04 4d
0x00007fffd2ad8bd6:   85 d2 0f 84 cd 00 00 00 66 90 f3 0f 6f 02 41 ff
0x00007fffd2ad8be6:   c1 48 83 c2 10 41 8b c1 66 0f e7 07 48 83 c7 10
0x00007fffd2ad8bf6:   49 3b c2 72 e5 e9 ab 00 00 00 4d 85 c9 74 6c 66
0x00007fffd2ad8c06:   66 66 0f 1f 84 00 00 00 00 00 f3 0f 6f 02 41 ff
0x00007fffd2ad8c16:   c2 f3 0f 6f 4a 10 f3 0f 6f 52 20 f3 0f 6f 5a 30
0x00007fffd2ad8c26:   f3 0f 6f 62 40 f3 0f 6f 6a 50 f3 0f 6f 72 60 f3
0x00007fffd2ad8c36:   0f 6f 7a 70 48 83 ea 80 66 0f e7 07 66 0f e7 4f
0x00007fffd2ad8c46:   10 66 0f e7 57 20 66 0f e7 5f 30 66 0f e7 67 40
0x00007fffd2ad8c56:   66 0f e7 6f 50 66 0f e7 77 60 66 0f e7 7f 70 48
0x00007fffd2ad8c66:   83 ef 80 41 8b c2 49 3b c1 72 9f 41 83 e0 7f 74
0x00007fffd2ad8c76:   34 45 8b d0 44 8b c9 49 c1 ea 04 4d 85 d2 74 25
0x00007fffd2ad8c86:   66 66 0f 1f 84 00 00 00 00 00 f3 0f 6f 02 41 ff
0x00007fffd2ad8c96:   c1 66 0f e7 07 48 83 c7 10 41 8b c1 48 83 c2 10
0x00007fffd2ad8ca6:   49 3b c2 72 e5 0f 28 74 24 10 0f 28 3c 24 41 83
0x00007fffd2ad8cb6:   e0 0f 74 49 45 8b d0 44 8b c9 49 c1 ea 02 4d 85
0x00007fffd2ad8cc6:   d2 74 1e 0f 1f 80 00 00 00 00 8b 02 41 ff c1 89
0x00007fffd2ad8cd6:   07 48 83 c2 04 48 83 c7 04 41 8b c1 49 3b c2 72
0x00007fffd2ad8ce6:   e9 41 83 e0 03 76 16 48 2b d7 0f b6 04 3a ff c1
0x00007fffd2ad8cf6:   88 07 48 8d 7f 01 8b c1 49 3b c0 72 ed 48 83 c4
0x00007fffd2ad8d06:   20 5f c3 cc cc cc cc cc cc cc 40 53 48 83 ec 20
0x00007fffd2ad8d16:   48 8b da 48 8b d1 48 8b 0b 48 85 c9 74 2d 48 8b 


Stack slot to memory mapping:

stack at sp + 0 slots: 0x2a9164c269c7bbf1 is an unknown value
stack at sp + 1 slots: 0x0 is null
stack at sp + 2 slots: 0x9f1b22ef64a07bb9 is an unknown value
stack at sp + 3 slots: 0x0 is null
stack at sp + 4 slots: 0x00000220f4cb4040 points into unknown readable memory: 0xffffffffffffffff | ff ff ff ff ff ff ff ff
stack at sp + 5 slots: 0x00007fffd3464b7a ig11icd64.dll
stack at sp + 6 slots: 0x0000000000000001 is an unknown value
stack at sp + 7 slots: 0x000000cb8a9fe050 is pointing into the stack for thread: 0x00000220c7f7fc20


---------------  P R O C E S S  ---------------

Threads class SMR info:
_java_thread_list=0x00000220eb132150, length=11, elements={
0x00000220c7f7fc20, 0x00000220e6c0e9c0, 0x00000220e6c0f7d0, 0x00000220e6c12800,
0x00000220e6c13480, 0x00000220e6c15920, 0x00000220e6c20d60, 0x00000220e6c29b00,
0x00000220e6c2c5b0, 0x00000220eb174510, 0x00000220eb1765e0
}

Java Threads: ( => current thread )
=>0x00000220c7f7fc20 JavaThread "main"                              [_thread_in_native, id=11480, stack(0x000000cb8a900000,0x000000cb8aa00000) (1024K)]
  0x00000220e6c0e9c0 JavaThread "Reference Handler"          daemon [_thread_blocked, id=2980, stack(0x000000cb8b100000,0x000000cb8b200000) (1024K)]
  0x00000220e6c0f7d0 JavaThread "Finalizer"                  daemon [_thread_blocked, id=12904, stack(0x000000cb8b200000,0x000000cb8b300000) (1024K)]
  0x00000220e6c12800 JavaThread "Signal Dispatcher"          daemon [_thread_blocked, id=8964, stack(0x000000cb8b300000,0x000000cb8b400000) (1024K)]
  0x00000220e6c13480 JavaThread "Attach Listener"            daemon [_thread_blocked, id=14832, stack(0x000000cb8b400000,0x000000cb8b500000) (1024K)]
  0x00000220e6c15920 JavaThread "Service Thread"             daemon [_thread_blocked, id=3544, stack(0x000000cb8b500000,0x000000cb8b600000) (1024K)]
  0x00000220e6c20d60 JavaThread "Monitor Deflation Thread"   daemon [_thread_blocked, id=14580, stack(0x000000cb8b600000,0x000000cb8b700000) (1024K)]
  0x00000220e6c29b00 JavaThread "C2 CompilerThread0"         daemon [_thread_blocked, id=2008, stack(0x000000cb8b700000,0x000000cb8b800000) (1024K)]
  0x00000220e6c2c5b0 JavaThread "C1 CompilerThread0"         daemon [_thread_blocked, id=19444, stack(0x000000cb8b800000,0x000000cb8b900000) (1024K)]
  0x00000220eb174510 JavaThread "Notification Thread"        daemon [_thread_blocked, id=12644, stack(0x000000cb8b900000,0x000000cb8ba00000) (1024K)]
  0x00000220eb1765e0 JavaThread "Common-Cleaner"             daemon [_thread_blocked, id=25808, stack(0x000000cb8ba00000,0x000000cb8bb00000) (1024K)]
Total: 11

Other Threads:
  0x00000220e6bf1c20 VMThread "VM Thread"                           [id=10540, stack(0x000000cb8b000000,0x000000cb8b100000) (1024K)]
  0x00000220e6bd9250 WatcherThread "VM Periodic Task Thread"        [id=26208, stack(0x000000cb8af00000,0x000000cb8b000000) (1024K)]
  0x00000220ca161f40 WorkerThread "GC Thread#0"                     [id=26096, stack(0x000000cb8aa00000,0x000000cb8ab00000) (1024K)]
  0x00000220ca172720 ConcurrentGCThread "G1 Main Marker"            [id=22144, stack(0x000000cb8ab00000,0x000000cb8ac00000) (1024K)]
  0x00000220ca173230 WorkerThread "G1 Conc#0"                       [id=8088, stack(0x000000cb8ac00000,0x000000cb8ad00000) (1024K)]
  0x00000220e6aad7f0 ConcurrentGCThread "G1 Refine#0"               [id=12716, stack(0x000000cb8ad00000,0x000000cb8ae00000) (1024K)]
  0x00000220e6aae270 ConcurrentGCThread "G1 Service"                [id=4132, stack(0x000000cb8ae00000,0x000000cb8af00000) (1024K)]
Total: 7

Threads with active compile tasks:
Total: 0

VM state: not at safepoint (normal execution)

VM Mutex/Monitor currently owned by a thread: None

Heap address: 0x0000000084000000, size: 1984 MB, Compressed Oops mode: 32-bit

CDS archive(s) mapped at: [0x0000022080000000-0x0000022080c90000-0x0000022080c90000), size 13172736, SharedBaseAddress: 0x0000022080000000, ArchiveRelocationMode: 1.
Compressed class space mapped at: 0x0000022081000000-0x00000220c1000000, reserved size: 1073741824
Narrow klass base: 0x0000022080000000, Narrow klass shift: 0, Narrow klass range: 0x100000000

GC Precious Log:
 CardTable entry size: 512
 Card Set container configuration: InlinePtr #cards 5 size 8 Array Of Cards #cards 12 size 40 Howl #buckets 4 coarsen threshold 1843 Howl Bitmap #cards 512 size 80 coarsen threshold 460 Card regions per heap region 1 cards per card region 2048
 CPUs: 8 total, 8 available
 Memory: 7932M
 Large Page Support: Disabled
 NUMA Support: Disabled
 Compressed Oops: Enabled (32-bit)
 Heap Region Size: 1M
 Heap Min Capacity: 8M
 Heap Initial Capacity: 124M
 Heap Max Capacity: 1984M
 Pre-touch: Disabled
 Parallel Workers: 8
 Concurrent Workers: 2
 Concurrent Refinement Workers: 8
 Periodic GC: Disabled

Heap:
 garbage-first heap   total 126976K, used 14336K [0x0000000084000000, 0x0000000100000000)
  region size 1024K, 16 young (16384K), 0 survivors (0K)
 Metaspace       used 5715K, committed 5952K, reserved 1114112K
  class space    used 261K, committed 384K, reserved 1048576K

Heap Regions: E=young(eden), S=young(survivor), O=old, HS=humongous(starts), HC=humongous(continues), CS=collection set, F=free, TAMS=top-at-mark-start, PB=parsable bottom
|   0|0x0000000084000000, 0x0000000084000000, 0x0000000084100000|  0%| F|  |TAMS 0x0000000084000000| PB 0x0000000084000000| Untracked 
|   1|0x0000000084100000, 0x0000000084100000, 0x0000000084200000|  0%| F|  |TAMS 0x0000000084100000| PB 0x0000000084100000| Untracked 
|   2|0x0000000084200000, 0x0000000084200000, 0x0000000084300000|  0%| F|  |TAMS 0x0000000084200000| PB 0x0000000084200000| Untracked 
|   3|0x0000000084300000, 0x0000000084300000, 0x0000000084400000|  0%| F|  |TAMS 0x0000000084300000| PB 0x0000000084300000| Untracked 
|   4|0x0000000084400000, 0x0000000084400000, 0x0000000084500000|  0%| F|  |TAMS 0x0000000084400000| PB 0x0000000084400000| Untracked 
|   5|0x0000000084500000, 0x0000000084500000, 0x0000000084600000|  0%| F|  |TAMS 0x0000000084500000| PB 0x0000000084500000| Untracked 
|   6|0x0000000084600000, 0x0000000084600000, 0x0000000084700000|  0%| F|  |TAMS 0x0000000084600000| PB 0x0000000084600000| Untracked 
|   7|0x0000000084700000, 0x0000000084700000, 0x0000000084800000|  0%| F|  |TAMS 0x0000000084700000| PB 0x0000000084700000| Untracked 
|   8|0x0000000084800000, 0x0000000084800000, 0x0000000084900000|  0%| F|  |TAMS 0x0000000084800000| PB 0x0000000084800000| Untracked 
|   9|0x0000000084900000, 0x0000000084900000, 0x0000000084a00000|  0%| F|  |TAMS 0x0000000084900000| PB 0x0000000084900000| Untracked 
|  10|0x0000000084a00000, 0x0000000084a00000, 0x0000000084b00000|  0%| F|  |TAMS 0x0000000084a00000| PB 0x0000000084a00000| Untracked 
|  11|0x0000000084b00000, 0x0000000084b00000, 0x0000000084c00000|  0%| F|  |TAMS 0x0000000084b00000| PB 0x0000000084b00000| Untracked 
|  12|0x0000000084c00000, 0x0000000084c00000, 0x0000000084d00000|  0%| F|  |TAMS 0x0000000084c00000| PB 0x0000000084c00000| Untracked 
|  13|0x0000000084d00000, 0x0000000084d00000, 0x0000000084e00000|  0%| F|  |TAMS 0x0000000084d00000| PB 0x0000000084d00000| Untracked 
|  14|0x0000000084e00000, 0x0000000084e00000, 0x0000000084f00000|  0%| F|  |TAMS 0x0000000084e00000| PB 0x0000000084e00000| Untracked 
|  15|0x0000000084f00000, 0x0000000084f00000, 0x0000000085000000|  0%| F|  |TAMS 0x0000000084f00000| PB 0x0000000084f00000| Untracked 
|  16|0x0000000085000000, 0x0000000085000000, 0x0000000085100000|  0%| F|  |TAMS 0x0000000085000000| PB 0x0000000085000000| Untracked 
|  17|0x0000000085100000, 0x0000000085100000, 0x0000000085200000|  0%| F|  |TAMS 0x0000000085100000| PB 0x0000000085100000| Untracked 
|  18|0x0000000085200000, 0x0000000085200000, 0x0000000085300000|  0%| F|  |TAMS 0x0000000085200000| PB 0x0000000085200000| Untracked 
|  19|0x0000000085300000, 0x0000000085300000, 0x0000000085400000|  0%| F|  |TAMS 0x0000000085300000| PB 0x0000000085300000| Untracked 
|  20|0x0000000085400000, 0x0000000085400000, 0x0000000085500000|  0%| F|  |TAMS 0x0000000085400000| PB 0x0000000085400000| Untracked 
|  21|0x0000000085500000, 0x0000000085500000, 0x0000000085600000|  0%| F|  |TAMS 0x0000000085500000| PB 0x0000000085500000| Untracked 
|  22|0x0000000085600000, 0x0000000085600000, 0x0000000085700000|  0%| F|  |TAMS 0x0000000085600000| PB 0x0000000085600000| Untracked 
|  23|0x0000000085700000, 0x0000000085700000, 0x0000000085800000|  0%| F|  |TAMS 0x0000000085700000| PB 0x0000000085700000| Untracked 
|  24|0x0000000085800000, 0x0000000085800000, 0x0000000085900000|  0%| F|  |TAMS 0x0000000085800000| PB 0x0000000085800000| Untracked 
|  25|0x0000000085900000, 0x0000000085900000, 0x0000000085a00000|  0%| F|  |TAMS 0x0000000085900000| PB 0x0000000085900000| Untracked 
|  26|0x0000000085a00000, 0x0000000085a00000, 0x0000000085b00000|  0%| F|  |TAMS 0x0000000085a00000| PB 0x0000000085a00000| Untracked 
|  27|0x0000000085b00000, 0x0000000085b00000, 0x0000000085c00000|  0%| F|  |TAMS 0x0000000085b00000| PB 0x0000000085b00000| Untracked 
|  28|0x0000000085c00000, 0x0000000085c00000, 0x0000000085d00000|  0%| F|  |TAMS 0x0000000085c00000| PB 0x0000000085c00000| Untracked 
|  29|0x0000000085d00000, 0x0000000085d00000, 0x0000000085e00000|  0%| F|  |TAMS 0x0000000085d00000| PB 0x0000000085d00000| Untracked 
|  30|0x0000000085e00000, 0x0000000085e00000, 0x0000000085f00000|  0%| F|  |TAMS 0x0000000085e00000| PB 0x0000000085e00000| Untracked 
|  31|0x0000000085f00000, 0x0000000085f00000, 0x0000000086000000|  0%| F|  |TAMS 0x0000000085f00000| PB 0x0000000085f00000| Untracked 
|  32|0x0000000086000000, 0x0000000086000000, 0x0000000086100000|  0%| F|  |TAMS 0x0000000086000000| PB 0x0000000086000000| Untracked 
|  33|0x0000000086100000, 0x0000000086100000, 0x0000000086200000|  0%| F|  |TAMS 0x0000000086100000| PB 0x0000000086100000| Untracked 
|  34|0x0000000086200000, 0x0000000086200000, 0x0000000086300000|  0%| F|  |TAMS 0x0000000086200000| PB 0x0000000086200000| Untracked 
|  35|0x0000000086300000, 0x0000000086300000, 0x0000000086400000|  0%| F|  |TAMS 0x0000000086300000| PB 0x0000000086300000| Untracked 
|  36|0x0000000086400000, 0x0000000086400000, 0x0000000086500000|  0%| F|  |TAMS 0x0000000086400000| PB 0x0000000086400000| Untracked 
|  37|0x0000000086500000, 0x0000000086500000, 0x0000000086600000|  0%| F|  |TAMS 0x0000000086500000| PB 0x0000000086500000| Untracked 
|  38|0x0000000086600000, 0x0000000086600000, 0x0000000086700000|  0%| F|  |TAMS 0x0000000086600000| PB 0x0000000086600000| Untracked 
|  39|0x0000000086700000, 0x0000000086700000, 0x0000000086800000|  0%| F|  |TAMS 0x0000000086700000| PB 0x0000000086700000| Untracked 
|  40|0x0000000086800000, 0x0000000086800000, 0x0000000086900000|  0%| F|  |TAMS 0x0000000086800000| PB 0x0000000086800000| Untracked 
|  41|0x0000000086900000, 0x0000000086900000, 0x0000000086a00000|  0%| F|  |TAMS 0x0000000086900000| PB 0x0000000086900000| Untracked 
|  42|0x0000000086a00000, 0x0000000086a00000, 0x0000000086b00000|  0%| F|  |TAMS 0x0000000086a00000| PB 0x0000000086a00000| Untracked 
|  43|0x0000000086b00000, 0x0000000086b00000, 0x0000000086c00000|  0%| F|  |TAMS 0x0000000086b00000| PB 0x0000000086b00000| Untracked 
|  44|0x0000000086c00000, 0x0000000086c00000, 0x0000000086d00000|  0%| F|  |TAMS 0x0000000086c00000| PB 0x0000000086c00000| Untracked 
|  45|0x0000000086d00000, 0x0000000086d00000, 0x0000000086e00000|  0%| F|  |TAMS 0x0000000086d00000| PB 0x0000000086d00000| Untracked 
|  46|0x0000000086e00000, 0x0000000086e00000, 0x0000000086f00000|  0%| F|  |TAMS 0x0000000086e00000| PB 0x0000000086e00000| Untracked 
|  47|0x0000000086f00000, 0x0000000086f00000, 0x0000000087000000|  0%| F|  |TAMS 0x0000000086f00000| PB 0x0000000086f00000| Untracked 
|  48|0x0000000087000000, 0x0000000087000000, 0x0000000087100000|  0%| F|  |TAMS 0x0000000087000000| PB 0x0000000087000000| Untracked 
|  49|0x0000000087100000, 0x0000000087100000, 0x0000000087200000|  0%| F|  |TAMS 0x0000000087100000| PB 0x0000000087100000| Untracked 
|  50|0x0000000087200000, 0x0000000087200000, 0x0000000087300000|  0%| F|  |TAMS 0x0000000087200000| PB 0x0000000087200000| Untracked 
|  51|0x0000000087300000, 0x0000000087300000, 0x0000000087400000|  0%| F|  |TAMS 0x0000000087300000| PB 0x0000000087300000| Untracked 
|  52|0x0000000087400000, 0x0000000087400000, 0x0000000087500000|  0%| F|  |TAMS 0x0000000087400000| PB 0x0000000087400000| Untracked 
|  53|0x0000000087500000, 0x0000000087500000, 0x0000000087600000|  0%| F|  |TAMS 0x0000000087500000| PB 0x0000000087500000| Untracked 
|  54|0x0000000087600000, 0x0000000087600000, 0x0000000087700000|  0%| F|  |TAMS 0x0000000087600000| PB 0x0000000087600000| Untracked 
|  55|0x0000000087700000, 0x0000000087700000, 0x0000000087800000|  0%| F|  |TAMS 0x0000000087700000| PB 0x0000000087700000| Untracked 
|  56|0x0000000087800000, 0x0000000087800000, 0x0000000087900000|  0%| F|  |TAMS 0x0000000087800000| PB 0x0000000087800000| Untracked 
|  57|0x0000000087900000, 0x0000000087900000, 0x0000000087a00000|  0%| F|  |TAMS 0x0000000087900000| PB 0x0000000087900000| Untracked 
|  58|0x0000000087a00000, 0x0000000087a00000, 0x0000000087b00000|  0%| F|  |TAMS 0x0000000087a00000| PB 0x0000000087a00000| Untracked 
|  59|0x0000000087b00000, 0x0000000087b00000, 0x0000000087c00000|  0%| F|  |TAMS 0x0000000087b00000| PB 0x0000000087b00000| Untracked 
|  60|0x0000000087c00000, 0x0000000087c00000, 0x0000000087d00000|  0%| F|  |TAMS 0x0000000087c00000| PB 0x0000000087c00000| Untracked 
|  61|0x0000000087d00000, 0x0000000087d00000, 0x0000000087e00000|  0%| F|  |TAMS 0x0000000087d00000| PB 0x0000000087d00000| Untracked 
|  62|0x0000000087e00000, 0x0000000087e00000, 0x0000000087f00000|  0%| F|  |TAMS 0x0000000087e00000| PB 0x0000000087e00000| Untracked 
|  63|0x0000000087f00000, 0x0000000087f00000, 0x0000000088000000|  0%| F|  |TAMS 0x0000000087f00000| PB 0x0000000087f00000| Untracked 
|  64|0x0000000088000000, 0x0000000088000000, 0x0000000088100000|  0%| F|  |TAMS 0x0000000088000000| PB 0x0000000088000000| Untracked 
|  65|0x0000000088100000, 0x0000000088100000, 0x0000000088200000|  0%| F|  |TAMS 0x0000000088100000| PB 0x0000000088100000| Untracked 
|  66|0x0000000088200000, 0x0000000088200000, 0x0000000088300000|  0%| F|  |TAMS 0x0000000088200000| PB 0x0000000088200000| Untracked 
|  67|0x0000000088300000, 0x0000000088300000, 0x0000000088400000|  0%| F|  |TAMS 0x0000000088300000| PB 0x0000000088300000| Untracked 
|  68|0x0000000088400000, 0x0000000088400000, 0x0000000088500000|  0%| F|  |TAMS 0x0000000088400000| PB 0x0000000088400000| Untracked 
|  69|0x0000000088500000, 0x0000000088500000, 0x0000000088600000|  0%| F|  |TAMS 0x0000000088500000| PB 0x0000000088500000| Untracked 
|  70|0x0000000088600000, 0x0000000088600000, 0x0000000088700000|  0%| F|  |TAMS 0x0000000088600000| PB 0x0000000088600000| Untracked 
|  71|0x0000000088700000, 0x0000000088700000, 0x0000000088800000|  0%| F|  |TAMS 0x0000000088700000| PB 0x0000000088700000| Untracked 
|  72|0x0000000088800000, 0x0000000088800000, 0x0000000088900000|  0%| F|  |TAMS 0x0000000088800000| PB 0x0000000088800000| Untracked 
|  73|0x0000000088900000, 0x0000000088900000, 0x0000000088a00000|  0%| F|  |TAMS 0x0000000088900000| PB 0x0000000088900000| Untracked 
|  74|0x0000000088a00000, 0x0000000088a00000, 0x0000000088b00000|  0%| F|  |TAMS 0x0000000088a00000| PB 0x0000000088a00000| Untracked 
|  75|0x0000000088b00000, 0x0000000088b00000, 0x0000000088c00000|  0%| F|  |TAMS 0x0000000088b00000| PB 0x0000000088b00000| Untracked 
|  76|0x0000000088c00000, 0x0000000088c00000, 0x0000000088d00000|  0%| F|  |TAMS 0x0000000088c00000| PB 0x0000000088c00000| Untracked 
|  77|0x0000000088d00000, 0x0000000088d00000, 0x0000000088e00000|  0%| F|  |TAMS 0x0000000088d00000| PB 0x0000000088d00000| Untracked 
|  78|0x0000000088e00000, 0x0000000088e00000, 0x0000000088f00000|  0%| F|  |TAMS 0x0000000088e00000| PB 0x0000000088e00000| Untracked 
|  79|0x0000000088f00000, 0x0000000088f00000, 0x0000000089000000|  0%| F|  |TAMS 0x0000000088f00000| PB 0x0000000088f00000| Untracked 
|  80|0x0000000089000000, 0x0000000089000000, 0x0000000089100000|  0%| F|  |TAMS 0x0000000089000000| PB 0x0000000089000000| Untracked 
|  81|0x0000000089100000, 0x0000000089100000, 0x0000000089200000|  0%| F|  |TAMS 0x0000000089100000| PB 0x0000000089100000| Untracked 
|  82|0x0000000089200000, 0x0000000089200000, 0x0000000089300000|  0%| F|  |TAMS 0x0000000089200000| PB 0x0000000089200000| Untracked 
|  83|0x0000000089300000, 0x0000000089300000, 0x0000000089400000|  0%| F|  |TAMS 0x0000000089300000| PB 0x0000000089300000| Untracked 
|  84|0x0000000089400000, 0x0000000089400000, 0x0000000089500000|  0%| F|  |TAMS 0x0000000089400000| PB 0x0000000089400000| Untracked 
|  85|0x0000000089500000, 0x0000000089500000, 0x0000000089600000|  0%| F|  |TAMS 0x0000000089500000| PB 0x0000000089500000| Untracked 
|  86|0x0000000089600000, 0x0000000089600000, 0x0000000089700000|  0%| F|  |TAMS 0x0000000089600000| PB 0x0000000089600000| Untracked 
|  87|0x0000000089700000, 0x0000000089700000, 0x0000000089800000|  0%| F|  |TAMS 0x0000000089700000| PB 0x0000000089700000| Untracked 
|  88|0x0000000089800000, 0x0000000089800000, 0x0000000089900000|  0%| F|  |TAMS 0x0000000089800000| PB 0x0000000089800000| Untracked 
|  89|0x0000000089900000, 0x0000000089900000, 0x0000000089a00000|  0%| F|  |TAMS 0x0000000089900000| PB 0x0000000089900000| Untracked 
|  90|0x0000000089a00000, 0x0000000089a00000, 0x0000000089b00000|  0%| F|  |TAMS 0x0000000089a00000| PB 0x0000000089a00000| Untracked 
|  91|0x0000000089b00000, 0x0000000089b00000, 0x0000000089c00000|  0%| F|  |TAMS 0x0000000089b00000| PB 0x0000000089b00000| Untracked 
|  92|0x0000000089c00000, 0x0000000089c00000, 0x0000000089d00000|  0%| F|  |TAMS 0x0000000089c00000| PB 0x0000000089c00000| Untracked 
|  93|0x0000000089d00000, 0x0000000089d00000, 0x0000000089e00000|  0%| F|  |TAMS 0x0000000089d00000| PB 0x0000000089d00000| Untracked 
|  94|0x0000000089e00000, 0x0000000089e00000, 0x0000000089f00000|  0%| F|  |TAMS 0x0000000089e00000| PB 0x0000000089e00000| Untracked 
|  95|0x0000000089f00000, 0x0000000089f00000, 0x000000008a000000|  0%| F|  |TAMS 0x0000000089f00000| PB 0x0000000089f00000| Untracked 
|  96|0x000000008a000000, 0x000000008a000000, 0x000000008a100000|  0%| F|  |TAMS 0x000000008a000000| PB 0x000000008a000000| Untracked 
|  97|0x000000008a100000, 0x000000008a100000, 0x000000008a200000|  0%| F|  |TAMS 0x000000008a100000| PB 0x000000008a100000| Untracked 
|  98|0x000000008a200000, 0x000000008a200000, 0x000000008a300000|  0%| F|  |TAMS 0x000000008a200000| PB 0x000000008a200000| Untracked 
|  99|0x000000008a300000, 0x000000008a300000, 0x000000008a400000|  0%| F|  |TAMS 0x000000008a300000| PB 0x000000008a300000| Untracked 
| 100|0x000000008a400000, 0x000000008a400000, 0x000000008a500000|  0%| F|  |TAMS 0x000000008a400000| PB 0x000000008a400000| Untracked 
| 101|0x000000008a500000, 0x000000008a500000, 0x000000008a600000|  0%| F|  |TAMS 0x000000008a500000| PB 0x000000008a500000| Untracked 
| 102|0x000000008a600000, 0x000000008a600000, 0x000000008a700000|  0%| F|  |TAMS 0x000000008a600000| PB 0x000000008a600000| Untracked 
| 103|0x000000008a700000, 0x000000008a700000, 0x000000008a800000|  0%| F|  |TAMS 0x000000008a700000| PB 0x000000008a700000| Untracked 
| 104|0x000000008a800000, 0x000000008a800000, 0x000000008a900000|  0%| F|  |TAMS 0x000000008a800000| PB 0x000000008a800000| Untracked 
| 105|0x000000008a900000, 0x000000008a900000, 0x000000008aa00000|  0%| F|  |TAMS 0x000000008a900000| PB 0x000000008a900000| Untracked 
| 106|0x000000008aa00000, 0x000000008aa00000, 0x000000008ab00000|  0%| F|  |TAMS 0x000000008aa00000| PB 0x000000008aa00000| Untracked 
| 107|0x000000008ab00000, 0x000000008ab00000, 0x000000008ac00000|  0%| F|  |TAMS 0x000000008ab00000| PB 0x000000008ab00000| Untracked 
| 108|0x000000008ac00000, 0x000000008ac78ae0, 0x000000008ad00000| 47%| E|  |TAMS 0x000000008ac00000| PB 0x000000008ac00000| Complete 
| 109|0x000000008ad00000, 0x000000008ae00000, 0x000000008ae00000|100%| E|CS|TAMS 0x000000008ad00000| PB 0x000000008ad00000| Complete 
| 110|0x000000008ae00000, 0x000000008af00000, 0x000000008af00000|100%| E|CS|TAMS 0x000000008ae00000| PB 0x000000008ae00000| Complete 
| 111|0x000000008af00000, 0x000000008b000000, 0x000000008b000000|100%| E|CS|TAMS 0x000000008af00000| PB 0x000000008af00000| Complete 
| 112|0x000000008b000000, 0x000000008b100000, 0x000000008b100000|100%| E|CS|TAMS 0x000000008b000000| PB 0x000000008b000000| Complete 
| 113|0x000000008b100000, 0x000000008b200000, 0x000000008b200000|100%| E|CS|TAMS 0x000000008b100000| PB 0x000000008b100000| Complete 
| 114|0x000000008b200000, 0x000000008b300000, 0x000000008b300000|100%| E|CS|TAMS 0x000000008b200000| PB 0x000000008b200000| Complete 
| 115|0x000000008b300000, 0x000000008b400000, 0x000000008b400000|100%| E|CS|TAMS 0x000000008b300000| PB 0x000000008b300000| Complete 
| 116|0x000000008b400000, 0x000000008b500000, 0x000000008b500000|100%| E|  |TAMS 0x000000008b400000| PB 0x000000008b400000| Complete 
| 117|0x000000008b500000, 0x000000008b600000, 0x000000008b600000|100%| E|CS|TAMS 0x000000008b500000| PB 0x000000008b500000| Complete 
| 118|0x000000008b600000, 0x000000008b700000, 0x000000008b700000|100%| E|CS|TAMS 0x000000008b600000| PB 0x000000008b600000| Complete 
| 119|0x000000008b700000, 0x000000008b800000, 0x000000008b800000|100%| E|CS|TAMS 0x000000008b700000| PB 0x000000008b700000| Complete 
| 120|0x000000008b800000, 0x000000008b900000, 0x000000008b900000|100%| E|CS|TAMS 0x000000008b800000| PB 0x000000008b800000| Complete 
| 121|0x000000008b900000, 0x000000008ba00000, 0x000000008ba00000|100%| E|CS|TAMS 0x000000008b900000| PB 0x000000008b900000| Complete 
| 122|0x000000008ba00000, 0x000000008bb00000, 0x000000008bb00000|100%| E|CS|TAMS 0x000000008ba00000| PB 0x000000008ba00000| Complete 
| 123|0x000000008bb00000, 0x000000008bc00000, 0x000000008bc00000|100%| E|CS|TAMS 0x000000008bb00000| PB 0x000000008bb00000| Complete 

Card table byte_map: [0x00000220e1ef0000,0x00000220e22d0000] _byte_map_base: 0x00000220e1ad0000

Marking Bits: (CMBitMap*) 0x00000220ca162640
 Bits: [0x00000220e22d0000, 0x00000220e41d0000)

Polling page: 0x00000220c98d0000

Metaspace:

Usage:
  Non-class:      5.33 MB used.
      Class:    261.90 KB used.
       Both:      5.58 MB used.

Virtual space:
  Non-class space:       64.00 MB reserved,       5.44 MB (  8%) committed,  1 nodes.
      Class space:        1.00 GB reserved,     384.00 KB ( <1%) committed,  1 nodes.
             Both:        1.06 GB reserved,       5.81 MB ( <1%) committed. 

Chunk freelists:
   Non-Class:  8.05 MB
       Class:  15.55 MB
        Both:  23.59 MB

MaxMetaspaceSize: unlimited
CompressedClassSpaceSize: 1.00 GB
Initial GC threshold: 21.00 MB
Current GC threshold: 21.00 MB
CDS: on
 - commit_granule_bytes: 65536.
 - commit_granule_words: 8192.
 - virtual_space_node_default_size: 8388608.
 - enlarge_chunks_in_place: 1.
 - use_allocation_guard: 0.


Internal statistics:

num_allocs_failed_limit: 0.
num_arena_births: 86.
num_arena_deaths: 0.
num_vsnodes_births: 2.
num_vsnodes_deaths: 0.
num_space_committed: 91.
num_space_uncommitted: 0.
num_chunks_returned_to_freelist: 0.
num_chunks_taken_from_freelist: 250.
num_chunk_merges: 0.
num_chunk_splits: 185.
num_chunks_enlarged: 138.
num_inconsistent_stats: 0.

CodeHeap 'non-profiled nmethods': size=120000Kb used=270Kb max_used=270Kb free=119729Kb
 bounds [0x00000220da2b0000, 0x00000220da520000, 0x00000220e17e0000]
CodeHeap 'profiled nmethods': size=120000Kb used=1436Kb max_used=1436Kb free=118563Kb
 bounds [0x00000220d27e0000, 0x00000220d2a50000, 0x00000220d9d10000]
CodeHeap 'non-nmethods': size=5760Kb used=2342Kb max_used=2356Kb free=3417Kb
 bounds [0x00000220d9d10000, 0x00000220d9f80000, 0x00000220da2b0000]
 total_blobs=1928 nmethods=906 adapters=927
 compilation: enabled
              stopped_count=0, restarted_count=0
 full_count=0

Compilation events (20 events):
Event: 1.862 Thread 0x00000220e6c2c5b0  896       3       jdk.internal.misc.Unsafe::checkNativeAddress (28 bytes)
Event: 1.862 Thread 0x00000220e6c2c5b0 nmethod 896 0x00000220d2941b10 code [0x00000220d2941ca0, 0x00000220d2941db8]
Event: 1.862 Thread 0x00000220e6c2c5b0  897       3       java.nio.MappedByteBuffer::limit (8 bytes)
Event: 1.863 Thread 0x00000220e6c2c5b0 nmethod 897 0x00000220d2941e90 code [0x00000220d2942040, 0x00000220d29421f0]
Event: 1.863 Thread 0x00000220e6c2c5b0  899       3       sun.nio.ch.FileChannelImpl::ensureOpen (16 bytes)
Event: 1.864 Thread 0x00000220e6c2c5b0 nmethod 899 0x00000220d2942310 code [0x00000220d29424e0, 0x00000220d2942758]
Event: 1.864 Thread 0x00000220e6c2c5b0  900   !   3       sun.nio.ch.NativeThreadSet::add (155 bytes)
Event: 1.864 Thread 0x00000220e6c2c5b0 nmethod 900 0x00000220d2942890 code [0x00000220d2942a80, 0x00000220d29430a0]
Event: 1.864 Thread 0x00000220e6c2c5b0  902       3       sun.nio.fs.WindowsPathParser::nextNonSlash (24 bytes)
Event: 1.865 Thread 0x00000220e6c2c5b0 nmethod 902 0x00000220d2943390 code [0x00000220d29435a0, 0x00000220d2943cd0]
Event: 1.865 Thread 0x00000220e6c2c5b0  901   !   3       sun.nio.ch.NativeThreadSet::remove (90 bytes)
Event: 1.865 Thread 0x00000220e6c2c5b0 nmethod 901 0x00000220d2944010 code [0x00000220d29441c0, 0x00000220d29444b8]
Event: 1.867 Thread 0x00000220e6c2c5b0  903       3       jdk.internal.jimage.ImageStringsReader::match (11 bytes)
Event: 1.867 Thread 0x00000220e6c2c5b0 nmethod 903 0x00000220d2944690 code [0x00000220d2944840, 0x00000220d2944a10]
Event: 1.867 Thread 0x00000220e6c2c5b0  904       3       jdk.internal.jimage.BasicImageReader::match (37 bytes)
Event: 1.867 Thread 0x00000220e6c29b00  906       4       java.lang.String::startsWith (123 bytes)
Event: 1.867 Thread 0x00000220e6c2c5b0 nmethod 904 0x00000220d2944b10 code [0x00000220d2944ce0, 0x00000220d2944f90]
Event: 1.867 Thread 0x00000220e6c2c5b0  905       3       jdk.internal.jimage.ImageLocation::verifyName (161 bytes)
Event: 1.870 Thread 0x00000220e6c2c5b0 nmethod 905 0x00000220d2945090 code [0x00000220d29453e0, 0x00000220d2946990]
Event: 1.874 Thread 0x00000220e6c29b00 nmethod 906 0x00000220da2f3090 code [0x00000220da2f3240, 0x00000220da2f3600]

GC Heap History (0 events):
No events

Dll operation events (10 events):
Event: 0.011 Loaded shared library C:\Program Files\Eclipse Adoptium\jdk-21.0.2.13-hotspot\bin\java.dll
Event: 0.051 Loaded shared library C:\Program Files\Eclipse Adoptium\jdk-21.0.2.13-hotspot\bin\jsvml.dll
Event: 0.111 Loaded shared library C:\Program Files\Eclipse Adoptium\jdk-21.0.2.13-hotspot\bin\net.dll
Event: 0.114 Loaded shared library C:\Program Files\Eclipse Adoptium\jdk-21.0.2.13-hotspot\bin\nio.dll
Event: 0.120 Loaded shared library C:\Program Files\Eclipse Adoptium\jdk-21.0.2.13-hotspot\bin\zip.dll
Event: 0.188 Loaded shared library C:\Program Files\Eclipse Adoptium\jdk-21.0.2.13-hotspot\bin\jimage.dll
Event: 0.331 Loaded shared library C:\Users\deran\AppData\Local\Temp\lwjglderan\3.2.3-build-13\lwjgl.dll
Event: 0.638 Loaded shared library C:\Users\deran\AppData\Local\Temp\lwjglderan\3.2.3-build-13\lwjgl_opengl.dll
Event: 1.756 Loaded shared library C:\Program Files\Eclipse Adoptium\jdk-21.0.2.13-hotspot\bin\verify.dll
Event: 1.866 Loaded shared library C:\Users\deran\AppData\Local\Temp\lwjglderan\3.2.3-build-13\lwjgl_stb.dll

Deoptimization events (20 events):
Event: 1.749 Thread 0x00000220c7f7fc20 Uncommon trap: trap_request=0xffffff45 fr.pc=0x00000220da2eb280 relative=0x0000000000000ea0
Event: 1.749 Thread 0x00000220c7f7fc20 Uncommon trap: reason=unstable_if action=reinterpret pc=0x00000220da2eb280 method=java.util.LinkedHashMap.linkNodeAtEnd(Ljava/util/LinkedHashMap$Entry;)V @ 54 c2
Event: 1.749 Thread 0x00000220c7f7fc20 DEOPT PACKING pc=0x00000220da2eb280 sp=0x000000cb8a9fa720
Event: 1.749 Thread 0x00000220c7f7fc20 DEOPT UNPACKING pc=0x00000220d9d67da2 sp=0x000000cb8a9fa5d0 mode 2
Event: 1.804 Thread 0x00000220c7f7fc20 Uncommon trap: trap_request=0xffffff45 fr.pc=0x00000220da2dc724 relative=0x0000000000000664
Event: 1.804 Thread 0x00000220c7f7fc20 Uncommon trap: reason=unstable_if action=reinterpret pc=0x00000220da2dc724 method=java.util.regex.Matcher.search(I)Z @ 30 c2
Event: 1.804 Thread 0x00000220c7f7fc20 DEOPT PACKING pc=0x00000220da2dc724 sp=0x000000cb8a9feb60
Event: 1.804 Thread 0x00000220c7f7fc20 DEOPT UNPACKING pc=0x00000220d9d67da2 sp=0x000000cb8a9feb50 mode 2
Event: 1.804 Thread 0x00000220c7f7fc20 Uncommon trap: trap_request=0xffffffde fr.pc=0x00000220da2db964 relative=0x0000000000000304
Event: 1.804 Thread 0x00000220c7f7fc20 Uncommon trap: reason=class_check action=maybe_recompile pc=0x00000220da2db964 method=java.util.regex.Pattern$BmpCharPropertyGreedy.match(Ljava/util/regex/Matcher;ILjava/lang/CharSequence;)Z @ 26 c2
Event: 1.804 Thread 0x00000220c7f7fc20 DEOPT PACKING pc=0x00000220da2db964 sp=0x000000cb8a9fe700
Event: 1.804 Thread 0x00000220c7f7fc20 DEOPT UNPACKING pc=0x00000220d9d67da2 sp=0x000000cb8a9fe6b8 mode 2
Event: 1.804 Thread 0x00000220c7f7fc20 Uncommon trap: trap_request=0xffffffde fr.pc=0x00000220da2db964 relative=0x0000000000000304
Event: 1.804 Thread 0x00000220c7f7fc20 Uncommon trap: reason=class_check action=maybe_recompile pc=0x00000220da2db964 method=java.util.regex.Pattern$BmpCharPropertyGreedy.match(Ljava/util/regex/Matcher;ILjava/lang/CharSequence;)Z @ 26 c2
Event: 1.804 Thread 0x00000220c7f7fc20 DEOPT PACKING pc=0x00000220da2db964 sp=0x000000cb8a9fe700
Event: 1.804 Thread 0x00000220c7f7fc20 DEOPT UNPACKING pc=0x00000220d9d67da2 sp=0x000000cb8a9fe6b8 mode 2
Event: 1.854 Thread 0x00000220c7f7fc20 Uncommon trap: trap_request=0xffffff6e fr.pc=0x00000220da2e6578 relative=0x0000000000000438
Event: 1.854 Thread 0x00000220c7f7fc20 Uncommon trap: reason=loop_limit_check action=maybe_recompile pc=0x00000220da2e6578 method=java.lang.StringLatin1.indexOf([BI[BII)I @ 37 c2
Event: 1.854 Thread 0x00000220c7f7fc20 DEOPT PACKING pc=0x00000220da2e6578 sp=0x000000cb8a9fd150
Event: 1.854 Thread 0x00000220c7f7fc20 DEOPT UNPACKING pc=0x00000220d9d67da2 sp=0x000000cb8a9fd0b0 mode 2

Classes loaded (20 events):
Event: 0.976 Loading class jdk/internal/module/ModulePatcher$PatchedModuleReader
Event: 0.976 Loading class jdk/internal/module/ModulePatcher$PatchedModuleReader done
Event: 0.977 Loading class sun/net/www/protocol/jrt/Handler
Event: 0.977 Loading class sun/net/www/protocol/jrt/Handler done
Event: 0.984 Loading class sun/util/resources/LocaleData$CommonResourceBundleProvider
Event: 0.984 Loading class sun/util/resources/LocaleData$LocaleDataResourceBundleProvider
Event: 0.984 Loading class java/util/spi/ResourceBundleProvider
Event: 0.984 Loading class java/util/spi/ResourceBundleProvider done
Event: 0.984 Loading class sun/util/resources/LocaleData$LocaleDataResourceBundleProvider done
Event: 0.985 Loading class sun/util/resources/LocaleData$CommonResourceBundleProvider done
Event: 0.987 Loading class sun/util/resources/Bundles$2
Event: 0.987 Loading class sun/util/resources/Bundles$2 done
Event: 1.016 Loading class jdk/internal/foreign/MemorySessionImpl
Event: 1.016 Loading class java/lang/foreign/MemorySegment$Scope
Event: 1.016 Loading class java/lang/foreign/MemorySegment$Scope done
Event: 1.016 Loading class jdk/internal/foreign/MemorySessionImpl done
Event: 1.597 Loading class jdk/internal/reflect/MethodHandleLongFieldAccessorImpl
Event: 1.597 Loading class jdk/internal/reflect/MethodHandleLongFieldAccessorImpl done
Event: 1.752 Loading class java/io/Externalizable
Event: 1.752 Loading class java/io/Externalizable done

Classes unloaded (0 events):
No events

Classes redefined (0 events):
No events

Internal exceptions (20 events):
Event: 0.339 Thread 0x00000220c7f7fc20 Exception <a 'sun/nio/fs/WindowsException'{0x000000008b724978}> (0x000000008b724978) 
thrown [s\src\hotspot\share\prims\jni.cpp, line 520]
Event: 0.339 Thread 0x00000220c7f7fc20 Exception <a 'sun/nio/fs/WindowsException'{0x000000008b724eb0}> (0x000000008b724eb0) 
thrown [s\src\hotspot\share\prims\jni.cpp, line 520]
Event: 0.389 Thread 0x00000220c7f7fc20 Exception <a 'sun/nio/fs/WindowsException'{0x000000008b7ff778}> (0x000000008b7ff778) 
thrown [s\src\hotspot\share\prims\jni.cpp, line 520]
Event: 0.389 Thread 0x00000220c7f7fc20 Exception <a 'sun/nio/fs/WindowsException'{0x000000008b7ffae8}> (0x000000008b7ffae8) 
thrown [s\src\hotspot\share\prims\jni.cpp, line 520]
Event: 0.394 Thread 0x00000220c7f7fc20 Exception <a 'java/lang/NoSuchMethodError'{0x000000008b610cc8}: 'int java.lang.invoke.Invokers$Holder.invokeExact_MT(java.lang.Object, java.lang.Object)'> (0x000000008b610cc8) 
thrown [s\src\hotspot\share\interpreter\linkResolver.cpp, line 773]
Event: 0.553 Thread 0x00000220c7f7fc20 Exception <a 'java/lang/NoSuchMethodError'{0x000000008b65e268}: 'void java.lang.invoke.DirectMethodHandle$Holder.invokeStaticInit(java.lang.Object, long, double, double)'> (0x000000008b65e268) 
thrown [s\src\hotspot\share\interpreter\linkResolver.cpp, line 773]
Event: 0.558 Thread 0x00000220c7f7fc20 Exception <a 'java/lang/NoSuchMethodError'{0x000000008b66bc28}: 'void java.lang.invoke.DirectMethodHandle$Holder.invokeStaticInit(java.lang.Object, long, int, int, int)'> (0x000000008b66bc28) 
thrown [s\src\hotspot\share\interpreter\linkResolver.cpp, line 773]
Event: 0.566 Thread 0x00000220c7f7fc20 Exception <a 'java/lang/NoSuchMethodError'{0x000000008b681880}: 'void java.lang.invoke.DirectMethodHandle$Holder.invokeStaticInit(java.lang.Object, long, int, int, int, int)'> (0x000000008b681880) 
thrown [s\src\hotspot\share\interpreter\linkResolver.cpp, line 773]
Event: 0.617 Thread 0x00000220c7f7fc20 Exception <a 'java/lang/NoSuchMethodError'{0x000000008b6a4378}: 'void java.lang.System.load(java.lang.String, java.lang.Class)'> (0x000000008b6a4378) 
thrown [s\src\hotspot\share\interpreter\linkResolver.cpp, line 773]
Event: 0.620 Thread 0x00000220c7f7fc20 Exception <a 'java/lang/NoSuchMethodError'{0x000000008b6a6d18}: 'void java.lang.System.loadLibrary(java.lang.String, java.lang.Class)'> (0x000000008b6a6d18) 
thrown [s\src\hotspot\share\interpreter\linkResolver.cpp, line 773]
Event: 0.634 Thread 0x00000220c7f7fc20 Exception <a 'sun/nio/fs/WindowsException'{0x000000008b6b60c8}> (0x000000008b6b60c8) 
thrown [s\src\hotspot\share\prims\jni.cpp, line 520]
Event: 0.634 Thread 0x00000220c7f7fc20 Exception <a 'sun/nio/fs/WindowsException'{0x000000008b6b6478}> (0x000000008b6b6478) 
thrown [s\src\hotspot\share\prims\jni.cpp, line 520]
Event: 0.643 Thread 0x00000220c7f7fc20 Exception <a 'sun/nio/fs/WindowsException'{0x000000008b6bc988}> (0x000000008b6bc988) 
thrown [s\src\hotspot\share\prims\jni.cpp, line 520]
Event: 0.643 Thread 0x00000220c7f7fc20 Exception <a 'sun/nio/fs/WindowsException'{0x000000008b6bcc70}> (0x000000008b6bcc70) 
thrown [s\src\hotspot\share\prims\jni.cpp, line 520]
Event: 1.597 Thread 0x00000220c7f7fc20 Exception <a 'java/lang/NoSuchMethodError'{0x000000008af3b428}: 'long java.lang.invoke.DelegatingMethodHandle$Holder.reinvoke_L(java.lang.Object, java.lang.Object)'> (0x000000008af3b428) 
thrown [s\src\hotspot\share\interpreter\linkResolver.cpp, line 773]
Event: 1.599 Thread 0x00000220c7f7fc20 Exception <a 'java/lang/NoSuchMethodError'{0x000000008af417b0}: 'long java.lang.invoke.Invokers$Holder.invokeExact_MT(java.lang.Object, java.lang.Object, java.lang.Object)'> (0x000000008af417b0) 
thrown [s\src\hotspot\share\interpreter\linkResolver.cpp, line 773]
Event: 1.852 Thread 0x00000220c7f7fc20 Exception <a 'java/lang/NoSuchMethodError'{0x000000008ac46e78}: 'void java.lang.System.load(java.lang.String, java.lang.Class)'> (0x000000008ac46e78) 
thrown [s\src\hotspot\share\interpreter\linkResolver.cpp, line 773]
Event: 1.853 Thread 0x00000220c7f7fc20 Exception <a 'java/lang/NoSuchMethodError'{0x000000008ac49818}: 'void java.lang.System.loadLibrary(java.lang.String, java.lang.Class)'> (0x000000008ac49818) 
thrown [s\src\hotspot\share\interpreter\linkResolver.cpp, line 773]
Event: 1.864 Thread 0x00000220c7f7fc20 Exception <a 'sun/nio/fs/WindowsException'{0x000000008ac58c88}> (0x000000008ac58c88) 
thrown [s\src\hotspot\share\prims\jni.cpp, line 520]
Event: 1.864 Thread 0x00000220c7f7fc20 Exception <a 'sun/nio/fs/WindowsException'{0x000000008ac59010}> (0x000000008ac59010) 
thrown [s\src\hotspot\share\prims\jni.cpp, line 520]

ZGC Phase Switch (0 events):
No events

VM Operations (4 events):
Event: 0.121 Executing VM operation: HandshakeAllThreads (Deoptimize)
Event: 0.121 Executing VM operation: HandshakeAllThreads (Deoptimize) done
Event: 1.122 Executing VM operation: Cleanup
Event: 1.122 Executing VM operation: Cleanup done

Events (11 events):
Event: 0.029 Thread 0x00000220c7f7fc20 Thread added: 0x00000220c7f7fc20
Event: 0.047 Thread 0x00000220e6c0e9c0 Thread added: 0x00000220e6c0e9c0
Event: 0.047 Thread 0x00000220e6c0f7d0 Thread added: 0x00000220e6c0f7d0
Event: 0.047 Thread 0x00000220e6c12800 Thread added: 0x00000220e6c12800
Event: 0.047 Thread 0x00000220e6c13480 Thread added: 0x00000220e6c13480
Event: 0.048 Thread 0x00000220e6c15920 Thread added: 0x00000220e6c15920
Event: 0.048 Thread 0x00000220e6c20d60 Thread added: 0x00000220e6c20d60
Event: 0.048 Thread 0x00000220e6c29b00 Thread added: 0x00000220e6c29b00
Event: 0.048 Thread 0x00000220e6c2c5b0 Thread added: 0x00000220e6c2c5b0
Event: 0.092 Thread 0x00000220eb174510 Thread added: 0x00000220eb174510
Event: 0.095 Thread 0x00000220eb1765e0 Thread added: 0x00000220eb1765e0


Dynamic libraries:
0x00007ff74e040000 - 0x00007ff74e04e000 	C:\Program Files\Eclipse Adoptium\jdk-21.0.2.13-hotspot\bin\java.exe
0x00007ff850d90000 - 0x00007ff850fa7000 	C:\WINDOWS\SYSTEM32\ntdll.dll
0x00007ff8500c0000 - 0x00007ff850184000 	C:\WINDOWS\System32\KERNEL32.DLL
0x00007ff84e180000 - 0x00007ff84e52d000 	C:\WINDOWS\System32\KERNELBASE.dll
0x00007ff84e560000 - 0x00007ff84e671000 	C:\WINDOWS\System32\ucrtbase.dll
0x00007ff838b50000 - 0x00007ff838b6b000 	C:\Program Files\Eclipse Adoptium\jdk-21.0.2.13-hotspot\bin\VCRUNTIME140.dll
0x00007ff829970000 - 0x00007ff829988000 	C:\Program Files\Eclipse Adoptium\jdk-21.0.2.13-hotspot\bin\jli.dll
0x00007ff850ba0000 - 0x00007ff850d4e000 	C:\WINDOWS\System32\USER32.dll
0x00007ff834b00000 - 0x00007ff834d93000 	C:\WINDOWS\WinSxS\amd64_microsoft.windows.common-controls_6595b64144ccf1df_6.0.22621.3672_none_2713b9d173822955\COMCTL32.dll
0x00007ff84e530000 - 0x00007ff84e556000 	C:\WINDOWS\System32\win32u.dll
0x00007ff84f7b0000 - 0x00007ff84f857000 	C:\WINDOWS\System32\msvcrt.dll
0x00007ff84ec00000 - 0x00007ff84ec29000 	C:\WINDOWS\System32\GDI32.dll
0x00007ff84e7c0000 - 0x00007ff84e8d9000 	C:\WINDOWS\System32\gdi32full.dll
0x00007ff84e6b0000 - 0x00007ff84e74a000 	C:\WINDOWS\System32\msvcp_win.dll
0x00007ff84f770000 - 0x00007ff84f7a1000 	C:\WINDOWS\System32\IMM32.DLL
0x00007ff837f30000 - 0x00007ff837f3c000 	C:\Program Files\Eclipse Adoptium\jdk-21.0.2.13-hotspot\bin\vcruntime140_1.dll
0x00007ff819550000 - 0x00007ff8195de000 	C:\Program Files\Eclipse Adoptium\jdk-21.0.2.13-hotspot\bin\msvcp140.dll
0x00007fffd9150000 - 0x00007fffd9ed3000 	C:\Program Files\Eclipse Adoptium\jdk-21.0.2.13-hotspot\bin\server\jvm.dll
0x00007ff84eed0000 - 0x00007ff84ef82000 	C:\WINDOWS\System32\ADVAPI32.dll
0x00007ff850700000 - 0x00007ff8507a9000 	C:\WINDOWS\System32\sechost.dll
0x00007ff84e680000 - 0x00007ff84e6a8000 	C:\WINDOWS\System32\bcrypt.dll
0x00007ff84eff0000 - 0x00007ff84f104000 	C:\WINDOWS\System32\RPCRT4.dll
0x00007ff84eda0000 - 0x00007ff84ee11000 	C:\WINDOWS\System32\WS2_32.dll
0x00007ff84d130000 - 0x00007ff84d17d000 	C:\WINDOWS\SYSTEM32\POWRPROF.dll
0x00007ff847190000 - 0x00007ff84719a000 	C:\WINDOWS\SYSTEM32\VERSION.dll
0x00007ff8469f0000 - 0x00007ff846a24000 	C:\WINDOWS\SYSTEM32\WINMM.dll
0x00007ff84d0d0000 - 0x00007ff84d0e3000 	C:\WINDOWS\SYSTEM32\UMPDC.dll
0x00007ff84d1e0000 - 0x00007ff84d1f8000 	C:\WINDOWS\SYSTEM32\kernel.appcore.dll
0x00007ff837e80000 - 0x00007ff837e8a000 	C:\Program Files\Eclipse Adoptium\jdk-21.0.2.13-hotspot\bin\jimage.dll
0x00007ff84b990000 - 0x00007ff84bbc2000 	C:\WINDOWS\SYSTEM32\DBGHELP.DLL
0x00007ff8507b0000 - 0x00007ff850b38000 	C:\WINDOWS\System32\combase.dll
0x00007ff84ead0000 - 0x00007ff84eba7000 	C:\WINDOWS\System32\OLEAUT32.dll
0x00007ff82fbe0000 - 0x00007ff82fc12000 	C:\WINDOWS\SYSTEM32\dbgcore.DLL
0x00007ff84e8e0000 - 0x00007ff84e95b000 	C:\WINDOWS\System32\bcryptPrimitives.dll
0x00007ff8294f0000 - 0x00007ff82950f000 	C:\Program Files\Eclipse Adoptium\jdk-21.0.2.13-hotspot\bin\java.dll
0x00007ff84f860000 - 0x00007ff8500bf000 	C:\WINDOWS\System32\SHELL32.dll
0x00007ff84c010000 - 0x00007ff84c90c000 	C:\WINDOWS\SYSTEM32\windows.storage.dll
0x00007ff84bed0000 - 0x00007ff84c00f000 	C:\WINDOWS\SYSTEM32\wintypes.dll
0x00007ff8501b0000 - 0x00007ff8502a4000 	C:\WINDOWS\System32\SHCORE.dll
0x00007ff84ec30000 - 0x00007ff84ec8e000 	C:\WINDOWS\System32\shlwapi.dll
0x00007ff84dff0000 - 0x00007ff84e011000 	C:\WINDOWS\SYSTEM32\profapi.dll
0x00007ff805cb0000 - 0x00007ff805d87000 	C:\Program Files\Eclipse Adoptium\jdk-21.0.2.13-hotspot\bin\jsvml.dll
0x00007ff835b90000 - 0x00007ff835ba0000 	C:\Program Files\Eclipse Adoptium\jdk-21.0.2.13-hotspot\bin\net.dll
0x00007ff846f50000 - 0x00007ff847086000 	C:\WINDOWS\SYSTEM32\WINHTTP.dll
0x00007ff84d650000 - 0x00007ff84d6b9000 	C:\WINDOWS\system32\mswsock.dll
0x00007ff824de0000 - 0x00007ff824df6000 	C:\Program Files\Eclipse Adoptium\jdk-21.0.2.13-hotspot\bin\nio.dll
0x00007ff8253a0000 - 0x00007ff8253b8000 	C:\Program Files\Eclipse Adoptium\jdk-21.0.2.13-hotspot\bin\zip.dll
0x00007ff812140000 - 0x00007ff8121a4000 	C:\Users\deran\AppData\Local\Temp\lwjglderan\3.2.3-build-13\lwjgl.dll
0x00007ff810650000 - 0x00007ff8106b2000 	C:\Users\deran\AppData\Local\Temp\lwjglderan\3.2.3-build-13\glfw.dll
0x00007ff84b190000 - 0x00007ff84b23f000 	C:\WINDOWS\system32\uxtheme.dll
0x00007ff81b1b0000 - 0x00007ff81b1f6000 	C:\WINDOWS\SYSTEM32\dinput8.dll
0x00007ff824dc0000 - 0x00007ff824dd1000 	C:\WINDOWS\SYSTEM32\xinput1_4.dll
0x00007ff84dd50000 - 0x00007ff84dd9e000 	C:\WINDOWS\SYSTEM32\cfgmgr32.dll
0x00007ff84dda0000 - 0x00007ff84ddcc000 	C:\WINDOWS\SYSTEM32\DEVOBJ.dll
0x00007ff84b3f0000 - 0x00007ff84b41b000 	C:\WINDOWS\SYSTEM32\dwmapi.dll
0x00007ff837920000 - 0x00007ff837b2e000 	C:\WINDOWS\SYSTEM32\inputhost.dll
0x00007ff849760000 - 0x00007ff849893000 	C:\WINDOWS\SYSTEM32\CoreMessaging.dll
0x00007ff850470000 - 0x00007ff8505c3000 	C:\WINDOWS\System32\MSCTF.dll
0x00007ff84d8d0000 - 0x00007ff84d8dc000 	C:\WINDOWS\SYSTEM32\CRYPTBASE.DLL
0x00007ff84c910000 - 0x00007ff84c91e000 	C:\WINDOWS\SYSTEM32\HID.DLL
0x00007ff84f120000 - 0x00007ff84f594000 	C:\WINDOWS\System32\SETUPAPI.DLL
0x00007ff84e750000 - 0x00007ff84e7bb000 	C:\WINDOWS\System32\WINTRUST.dll
0x00007ff84e960000 - 0x00007ff84eac7000 	C:\WINDOWS\System32\CRYPT32.dll
0x00007ff84de00000 - 0x00007ff84de12000 	C:\WINDOWS\SYSTEM32\MSASN1.dll
0x00007ff838970000 - 0x00007ff838a70000 	C:\WINDOWS\SYSTEM32\opengl32.dll
0x00007ff843160000 - 0x00007ff84318d000 	C:\WINDOWS\SYSTEM32\GLU32.dll
0x00007ff84b290000 - 0x00007ff84b2c9000 	C:\WINDOWS\SYSTEM32\dxcore.dll
0x00007ff8460d0000 - 0x00007ff846119000 	C:\WINDOWS\SYSTEM32\directxdatabasehelper.dll
0x00007ff850650000 - 0x00007ff850700000 	C:\WINDOWS\System32\clbcatq.dll
0x00007fffd2a50000 - 0x00007fffd3ac1000 	C:\WINDOWS\System32\DriverStore\FileRepository\iigd_dch.inf_amd64_0a2eb8dac923ec42\ig11icd64.dll
0x00007ff8502c0000 - 0x00007ff850465000 	C:\WINDOWS\System32\ole32.dll
0x00007ff84b2d0000 - 0x00007ff84b3c7000 	C:\WINDOWS\system32\dxgi.dll
0x00007ffff7480000 - 0x00007ffff7907000 	C:\WINDOWS\System32\DriverStore\FileRepository\iigd_dch.inf_amd64_0a2eb8dac923ec42\igdml64.dll
0x00007ff8405b0000 - 0x00007ff840971000 	C:\WINDOWS\System32\DriverStore\FileRepository\iigd_dch.inf_amd64_0a2eb8dac923ec42\igdgmm64.dll
0x00007ff83a470000 - 0x00007ff83d676000 	C:\WINDOWS\System32\DriverStore\FileRepository\iigd_dch.inf_amd64_0a2eb8dac923ec42\igc64.dll
0x00007ff8383b0000 - 0x00007ff8384fe000 	C:\WINDOWS\SYSTEM32\textinputframework.dll
0x00007ff845690000 - 0x00007ff8459fd000 	C:\WINDOWS\SYSTEM32\CoreUIComponents.dll
0x00007ff8192a0000 - 0x00007ff8192f9000 	C:\Users\deran\AppData\Local\Temp\lwjglderan\3.2.3-build-13\lwjgl_opengl.dll
0x00007ff8357f0000 - 0x00007ff835800000 	C:\Program Files\Eclipse Adoptium\jdk-21.0.2.13-hotspot\bin\verify.dll
0x00007ff803cd0000 - 0x00007ff803d47000 	C:\Users\deran\AppData\Local\Temp\lwjglderan\3.2.3-build-13\lwjgl_stb.dll

dbghelp: loaded successfully - version: 4.0.5 - missing functions: none
symbol engine: initialized successfully - sym options: 0x614 - pdb path: .;C:\Program Files\Eclipse Adoptium\jdk-21.0.2.13-hotspot\bin;C:\WINDOWS\SYSTEM32;C:\WINDOWS\WinSxS\amd64_microsoft.windows.common-controls_6595b64144ccf1df_6.0.22621.3672_none_2713b9d173822955;C:\Program Files\Eclipse Adoptium\jdk-21.0.2.13-hotspot\bin\server;C:\Users\deran\AppData\Local\Temp\lwjglderan\3.2.3-build-13;C:\WINDOWS\System32\DriverStore\FileRepository\iigd_dch.inf_amd64_0a2eb8dac923ec42

VM Arguments:
jvm_args: -Dfile.encoding=windows-1252 -Duser.country=DE -Duser.language=de -Duser.variant 
java_command: Main -ea
java_class_path (initial): C:\Users\deran\IdeaProjects\GameEngine\build\classes\java\main;C:\Users\deran\IdeaProjects\GameEngine\build\resources\main;C:\Users\deran\.gradle\caches\modules-2\files-2.1\org.lwjgl\lwjgl-assimp\3.2.3\f62aa07a20afbdd3097efc296c4841e0d29700eb\lwjgl-assimp-3.2.3.jar;C:\Users\deran\.gradle\caches\modules-2\files-2.1\org.lwjgl\lwjgl-assimp\3.2.3\4e60aeb75f0343c4a9ede4ef8b6b32ca702a00a3\lwjgl-assimp-3.2.3-natives-windows.jar;C:\Users\deran\.gradle\caches\modules-2\files-2.1\org.lwjgl\lwjgl-glfw\3.2.3\5e520d5c290c8b012545a8d34fa5db5ab051ea53\lwjgl-glfw-3.2.3.jar;C:\Users\deran\.gradle\caches\modules-2\files-2.1\org.lwjgl\lwjgl-glfw\3.2.3\b4d8a3477cdc2edcf7a5f1e822926be846223f54\lwjgl-glfw-3.2.3-natives-windows.jar;C:\Users\deran\.gradle\caches\modules-2\files-2.1\org.lwjgl\lwjgl-nfd\3.2.3\c44fee1043c022cf6614a28872d44cf114ca7737\lwjgl-nfd-3.2.3.jar;C:\Users\deran\.gradle\caches\modules-2\files-2.1\org.lwjgl\lwjgl-nfd\3.2.3\32782f5f5c57769efb82af864e70b819c77bc891\lwjgl-nfd-3.2.3-natives-windows.jar;C:\Users\deran\.gradle\caches\modules-2\files-2.1\org.lwjgl\lwjgl-openal\3.2.3\106742e805803ab9eab8e343f0fb31a3d263903c\lwjgl-openal-3.2.3.jar;C:\Users\deran\.gradle\caches\modules-2\files-2.1\org.lwjgl\lwjgl-openal\3.2.3\ec898e8ce11b5886f4f532a1536283ef2817758d\lwjgl-openal-3.2.3-natives-windows.jar;C:\Users\deran\.gradle\caches\modules-2\files-2.1\org.lwjgl\lwjgl-opengl\3.2.3\bdd534a323d0c8f54969b95e424b6ac8984f7d6e\lwjgl-opengl-3.2.3.jar;C:\Users\deran\.gradle\caches\modules-2\files-2.1\org.lwjgl\lwjgl-opengl\3.2.3\e81cfc73ec8708e5e791ed770e4ec3edfc1bbab1\lwjgl-opengl-3.2.3-natives-windows.jar;C:\Users\deran\.gradle\caches\modules-2\files-2.1\org.lwjgl\lwjgl-stb\3.2.3\40eccaa4fa86fc815f2e17946a392fb5fdcc286a\lwjgl-stb-3.2.3.jar;C:\Users\deran\.gradle\caches\modules-2\files-2.1\org.lwjgl\lwjgl-stb\3.2.3\817b21ec286f0ba3dcedb56a3bd275e6a9345be9\lwjgl-stb-3.2.3-natives-windows.jar;C:\Users\deran\.gradle\caches\modules-2\files-2.1\org.lwjgl\lwjgl\3.2.3\17a59ba0fe8d474ec9dbe0d5db40d2cfe59c4c08\lwjgl-3.2.3.jar;C:\Users\deran\.gradle\caches\modules-2\files-2.1\org.lwjgl\lwjgl\3.2.3\27f32cd35349684745951e04388e8e00d681cdcd\lwjgl-3.2.3-natives-windows.jar;C:\Users\deran\.gradle\caches\modules-2\files-2.1\org.joml\joml\1.10.7\f8c3f2e7db281bde099342dd36133de4bbba390c\joml-1.10.7.jar;C:\Users\deran\.gradle\caches\modules-2\files-2.1\org.jetbrains.kotlin\kotlin-stdlib-jdk8\1.8.20\73576ddf378c5b4f1f6b449fe6b119b8183fc078\kotlin-stdlib-jdk8-1.8.20.jar;C:\Users\deran\.gradle\caches\modules-2\files-2.1\org.jetbrains.kotlin\kotlin-stdlib-jdk7\1.8.20\3aa51faf20aae8b31e1a4bc54f8370673d7b7df4\kotlin-stdlib-jdk7-1.8.20.jar;C:\Users\deran\.gradle\caches\modules-2\files-2.1\org.jetbrains.kotlin\kotlin-stdlib\1.8.20\e72fc5e03ec6c064c678a6bd0d955c88d55b0c4a\kotlin-stdlib-1.8.20.jar;C:\Users\deran\.gradle\caches\modules-2\files-2.1\org.jetbrains.kotlin\kotlin-stdlib-common\1.8.20\5eddaaf234c8c49d03eebeb6a14feb7f90faca71\kotlin-stdlib-common-1.8.20.jar;C:\Users\deran\.gradle\caches\modules-2\files-2.1\org.jetbrains\annotations\13.0\919f0dfe192fb4e063e7dacadee7f8bb9a2672a9\annotations-13.0.jar
Launcher Type: SUN_STANDARD

[Global flags]
     intx CICompilerCount                          = 4                                         {product} {ergonomic}
     uint ConcGCThreads                            = 2                                         {product} {ergonomic}
     uint G1ConcRefinementThreads                  = 8                                         {product} {ergonomic}
   size_t G1HeapRegionSize                         = 1048576                                   {product} {ergonomic}
    uintx GCDrainStackTargetSize                   = 64                                        {product} {ergonomic}
   size_t InitialHeapSize                          = 130023424                                 {product} {ergonomic}
   size_t MarkStackSize                            = 4194304                                   {product} {ergonomic}
   size_t MaxHeapSize                              = 2080374784                                {product} {ergonomic}
   size_t MaxNewSize                               = 1247805440                                {product} {ergonomic}
   size_t MinHeapDeltaBytes                        = 1048576                                   {product} {ergonomic}
   size_t MinHeapSize                              = 8388608                                   {product} {ergonomic}
    uintx NonNMethodCodeHeapSize                   = 5839372                                {pd product} {ergonomic}
    uintx NonProfiledCodeHeapSize                  = 122909434                              {pd product} {ergonomic}
    uintx ProfiledCodeHeapSize                     = 122909434                              {pd product} {ergonomic}
    uintx ReservedCodeCacheSize                    = 251658240                              {pd product} {ergonomic}
     bool SegmentedCodeCache                       = true                                      {product} {ergonomic}
   size_t SoftMaxHeapSize                          = 2080374784                             {manageable} {ergonomic}
     bool UseCompressedOops                        = true                           {product lp64_product} {ergonomic}
     bool UseG1GC                                  = true                                      {product} {ergonomic}
     bool UseLargePagesIndividualAllocation        = false                                  {pd product} {ergonomic}

Logging:
Log output configuration:
 #0: stdout all=warning uptime,level,tags foldmultilines=false
 #1: stderr all=off uptime,level,tags foldmultilines=false

Environment Variables:
PATH=C:\Program Files\Eclipse Adoptium\jdk-21.0.2.13-hotspot\bin;C:\Windows\system32;C:\Windows;C:\Windows\System32\Wbem;C:\Windows\System32\WindowsPowerShell\v1.0\;C:\Windows\System32\OpenSSH\;C:\Program Files (x86)\NVIDIA Corporation\PhysX\Common;C:\WINDOWS\system32;C:\WINDOWS;C:\WINDOWS\System32\Wbem;C:\WINDOWS\System32\WindowsPowerShell\v1.0\;C:\WINDOWS\System32\OpenSSH\;C:\Program Files\nodejs\;C:\Program Files (x86)\gs\gs10.02.1\bin;C:\Program Files (x86)\GtkSharp\2.12\bin;C:\Program Files\dotnet\;C:\msys64\ucrt64\bin;C:\Users\deran\AppData\Local\bin\NASM\nasm.exe;C:\Program Files (x86)\ZSharp;C:\Program Files\Microsoft SQL Server\150\Tools\Binn\;C:\Users\deran\AppData\Local\Packages\PythonSoftwareFoundation.Python.3.11_qbz5n2kfra8p0\LocalCache\local-packages\Python311\site-packages;C:\msys64\usr\bin\make.exe;C:\MinGW\bin;C:\Users\deran\Downloads\cdrtfe-1.5.9\cdrtfe-1.5.9\tools\cdrtools;C:\Program Files\cdrtools;C:\Users\deran\Downloads\ffmpeg-master-latest-win64-gpl\bin;;C:\Program Files\NVIDIA Corporation\NVIDIA NvDLISR;C:\Users\deran\AppData\Local\Programs\Python\Python312\Scripts\;C:\Users\deran\AppData\Local\Programs\Python\Python312\;C:\Users\deran\.cargo\bin;C:\Users\deran\AppData\Local\Microsoft\WindowsApps;C:\Users\deran\AppData\Local\Programs\Microsoft VS Code\bin;C:\Users\deran\AppData\Roaming\npm;C:\Users\deran\AppData\Local\Programs\Git\cmd;C:\Users\deran\AppData\Local\GitHubDesktop\bin;C:\Users\deran\.dotnet\tools;C:\Users\deran\flutter\bin
USERNAME=deran
OS=Windows_NT
PROCESSOR_IDENTIFIER=Intel64 Family 6 Model 126 Stepping 5, GenuineIntel
TMP=C:\Users\deran\AppData\Local\Temp
TEMP=C:\Users\deran\AppData\Local\Temp




Periodic native trim disabled

---------------  S Y S T E M  ---------------

OS:
 Windows 11 , 64 bit Build 22621 (10.0.22621.3672)
OS uptime: 22 days 0:42 hours

CPU: total 8 (initial active 8) (4 cores per cpu, 2 threads per core) family 6 model 126 stepping 5 microcode 0xa0, cx8, cmov, fxsr, ht, mmx, 3dnowpref, sse, sse2, sse3, ssse3, sse4.1, sse4.2, popcnt, lzcnt, tsc, tscinvbit, avx, avx2, aes, erms, clmul, bmi1, bmi2, adx, avx512f, avx512dq, avx512cd, avx512bw, avx512vl, sha, fma, vzeroupper, avx512_vpopcntdq, avx512_vpclmulqdq, avx512_vaes, avx512_vnni, clflush, clflushopt, avx512_vbmi2, avx512_vbmi, rdtscp, rdpid, fsrm, gfni, avx512_bitalg, f16c, pku, avx512_ifma
Processor Information for all 8 processors :
  Max Mhz: 1190, Current Mhz: 991, Mhz Limit: 987

Memory: 4k page, system-wide physical 7932M (1023M free)
TotalPageFile size 21145M (AvailPageFile size 7318M)
current process WorkingSet (physical memory assigned to process): 186M, peak: 186M
current process commit charge ("private bytes"): 291M, peak: 291M

vm_info: OpenJDK 64-Bit Server VM (21.0.2+13-LTS) for windows-amd64 JRE (21.0.2+13-LTS), built on 2024-01-16T00:00:00Z by "admin" with unknown MS VC++:1937

END.
